{"numFailedTestSuites":1,"numFailedTests":2,"numPassedTestSuites":24,"numPassedTests":459,"numPendingTestSuites":1,"numPendingTests":7,"numRuntimeErrorTestSuites":0,"numTodoTests":0,"numTotalTestSuites":26,"numTotalTests":468,"openHandles":[],"snapshot":{"added":0,"didUpdate":false,"failure":false,"filesAdded":0,"filesRemoved":0,"filesRemovedList":[],"filesUnmatched":0,"filesUpdated":0,"matched":0,"total":0,"unchecked":0,"uncheckedKeysByFile":[],"unmatched":0,"updated":0},"startTime":1772940641307,"success":false,"testResults":[{"assertionResults":[{"ancestorTitles":["Metadata Preservation E2E Tests","Input file generation"],"duration":53,"failing":false,"failureDetails":[],"failureMessages":[],"fullName":"Metadata Preservation E2E Tests Input file generation generates input file with Basic ASCII metadata","invocations":1,"location":null,"numPassingAsserts":3,"retryReasons":[],"startAt":1772940641705,"status":"passed","title":"generates input file with Basic ASCII metadata"},{"ancestorTitles":["Metadata Preservation E2E Tests","Input file generation"],"duration":51,"failing":false,"failureDetails":[],"failureMessages":[],"fullName":"Metadata Preservation E2E Tests Input file generation generates input file with Japanese characters","invocations":1,"location":null,"numPassingAsserts":3,"retryReasons":[],"startAt":1772940641759,"status":"passed","title":"generates input file with Japanese characters"},{"ancestorTitles":["Metadata Preservation E2E Tests","Input file generation"],"duration":50,"failing":false,"failureDetails":[],"failureMessages":[],"fullName":"Metadata Preservation E2E Tests Input file generation generates input file with Chinese characters","invocations":1,"location":null,"numPassingAsserts":3,"retryReasons":[],"startAt":1772940641810,"status":"passed","title":"generates input file with Chinese characters"},{"ancestorTitles":["Metadata Preservation E2E Tests","Input file generation"],"duration":51,"failing":false,"failureDetails":[],"failureMessages":[],"fullName":"Metadata Preservation E2E Tests Input file generation generates input file with Korean characters","invocations":1,"location":null,"numPassingAsserts":3,"retryReasons":[],"startAt":1772940641861,"status":"passed","title":"generates input file with Korean characters"},{"ancestorTitles":["Metadata Preservation E2E Tests","Input file generation"],"duration":49,"failing":false,"failureDetails":[],"failureMessages":[],"fullName":"Metadata Preservation E2E Tests Input file generation generates input file with Emoji in metadata","invocations":1,"location":null,"numPassingAsserts":3,"retryReasons":[],"startAt":1772940641913,"status":"passed","title":"generates input file with Emoji in metadata"},{"ancestorTitles":["Metadata Preservation E2E Tests","Input file generation"],"duration":50,"failing":false,"failureDetails":[],"failureMessages":[],"fullName":"Metadata Preservation E2E Tests Input file generation generates input file with Commas in metadata","invocations":1,"location":null,"numPassingAsserts":3,"retryReasons":[],"startAt":1772940641963,"status":"passed","title":"generates input file with Commas in metadata"},{"ancestorTitles":["Metadata Preservation E2E Tests","Input file generation"],"duration":51,"failing":false,"failureDetails":[],"failureMessages":[],"fullName":"Metadata Preservation E2E Tests Input file generation generates input file with Quotes in metadata","invocations":1,"location":null,"numPassingAsserts":3,"retryReasons":[],"startAt":1772940642013,"status":"passed","title":"generates input file with Quotes in metadata"},{"ancestorTitles":["Metadata Preservation E2E Tests","Input file generation"],"duration":51,"failing":false,"failureDetails":[],"failureMessages":[],"fullName":"Metadata Preservation E2E Tests Input file generation generates input file with Special characters","invocations":1,"location":null,"numPassingAsserts":3,"retryReasons":[],"startAt":1772940642064,"status":"passed","title":"generates input file with Special characters"},{"ancestorTitles":["Metadata Preservation E2E Tests","Input file generation"],"duration":50,"failing":false,"failureDetails":[],"failureMessages":[],"fullName":"Metadata Preservation E2E Tests Input file generation generates input file with Backslashes (Windows paths)","invocations":1,"location":null,"numPassingAsserts":3,"retryReasons":[],"startAt":1772940642116,"status":"passed","title":"generates input file with Backslashes (Windows paths)"},{"ancestorTitles":["Metadata Preservation E2E Tests","Input file generation"],"duration":50,"failing":false,"failureDetails":[],"failureMessages":[],"fullName":"Metadata Preservation E2E Tests Input file generation generates input file with Long metadata strings","invocations":1,"location":null,"numPassingAsserts":3,"retryReasons":[],"startAt":1772940642166,"status":"passed","title":"generates input file with Long metadata strings"},{"ancestorTitles":["Metadata Preservation E2E Tests","Input file generation"],"duration":51,"failing":false,"failureDetails":[],"failureMessages":[],"fullName":"Metadata Preservation E2E Tests Input file generation generates input file with Mixed Unicode scripts","invocations":1,"location":null,"numPassingAsserts":3,"retryReasons":[],"startAt":1772940642216,"status":"passed","title":"generates input file with Mixed Unicode scripts"},{"ancestorTitles":["Metadata Preservation E2E Tests","Conversion and metadata preservation"],"duration":76,"failing":false,"failureDetails":[],"failureMessages":[],"fullName":"Metadata Preservation E2E Tests Conversion and metadata preservation preserves Basic ASCII metadata when converting to mp3","invocations":1,"location":null,"numPassingAsserts":7,"retryReasons":[],"startAt":1772940642268,"status":"passed","title":"preserves Basic ASCII metadata when converting to mp3"},{"ancestorTitles":["Metadata Preservation E2E Tests","Conversion and metadata preservation"],"duration":92,"failing":false,"failureDetails":[],"failureMessages":[],"fullName":"Metadata Preservation E2E Tests Conversion and metadata preservation preserves Basic ASCII metadata when converting to ogg","invocations":1,"location":null,"numPassingAsserts":10,"retryReasons":[],"startAt":1772940642344,"status":"passed","title":"preserves Basic ASCII metadata when converting to ogg"},{"ancestorTitles":["Metadata Preservation E2E Tests","Conversion and metadata preservation"],"duration":77,"failing":false,"failureDetails":[],"failureMessages":[],"fullName":"Metadata Preservation E2E Tests Conversion and metadata preservation preserves Basic ASCII metadata when converting to flac","invocations":1,"location":null,"numPassingAsserts":10,"retryReasons":[],"startAt":1772940642436,"status":"passed","title":"preserves Basic ASCII metadata when converting to flac"},{"ancestorTitles":["Metadata Preservation E2E Tests","Conversion and metadata preservation"],"duration":79,"failing":false,"failureDetails":[],"failureMessages":[],"fullName":"Metadata Preservation E2E Tests Conversion and metadata preservation preserves Japanese characters when converting to mp3","invocations":1,"location":null,"numPassingAsserts":7,"retryReasons":[],"startAt":1772940642513,"status":"passed","title":"preserves Japanese characters when converting to mp3"},{"ancestorTitles":["Metadata Preservation E2E Tests","Conversion and metadata preservation"],"duration":91,"failing":false,"failureDetails":[],"failureMessages":[],"fullName":"Metadata Preservation E2E Tests Conversion and metadata preservation preserves Japanese characters when converting to ogg","invocations":1,"location":null,"numPassingAsserts":10,"retryReasons":[],"startAt":1772940642592,"status":"passed","title":"preserves Japanese characters when converting to ogg"},{"ancestorTitles":["Metadata Preservation E2E Tests","Conversion and metadata preservation"],"duration":87,"failing":false,"failureDetails":[],"failureMessages":[],"fullName":"Metadata Preservation E2E Tests Conversion and metadata preservation preserves Japanese characters when converting to flac","invocations":1,"location":null,"numPassingAsserts":10,"retryReasons":[],"startAt":1772940642684,"status":"passed","title":"preserves Japanese characters when converting to flac"},{"ancestorTitles":["Metadata Preservation E2E Tests","Conversion and metadata preservation"],"duration":84,"failing":false,"failureDetails":[],"failureMessages":[],"fullName":"Metadata Preservation E2E Tests Conversion and metadata preservation preserves Chinese characters when converting to mp3","invocations":1,"location":null,"numPassingAsserts":7,"retryReasons":[],"startAt":1772940642772,"status":"passed","title":"preserves Chinese characters when converting to mp3"},{"ancestorTitles":["Metadata Preservation E2E Tests","Conversion and metadata preservation"],"duration":94,"failing":false,"failureDetails":[],"failureMessages":[],"fullName":"Metadata Preservation E2E Tests Conversion and metadata preservation preserves Chinese characters when converting to ogg","invocations":1,"location":null,"numPassingAsserts":10,"retryReasons":[],"startAt":1772940642856,"status":"passed","title":"preserves Chinese characters when converting to ogg"},{"ancestorTitles":["Metadata Preservation E2E Tests","Conversion and metadata preservation"],"duration":95,"failing":false,"failureDetails":[],"failureMessages":[],"fullName":"Metadata Preservation E2E Tests Conversion and metadata preservation preserves Chinese characters when converting to flac","invocations":1,"location":null,"numPassingAsserts":10,"retryReasons":[],"startAt":1772940642951,"status":"passed","title":"preserves Chinese characters when converting to flac"},{"ancestorTitles":["Metadata Preservation E2E Tests","Conversion and metadata preservation"],"duration":93,"failing":false,"failureDetails":[],"failureMessages":[],"fullName":"Metadata Preservation E2E Tests Conversion and metadata preservation preserves Korean characters when converting to mp3","invocations":1,"location":null,"numPassingAsserts":7,"retryReasons":[],"startAt":1772940643046,"status":"passed","title":"preserves Korean characters when converting to mp3"},{"ancestorTitles":["Metadata Preservation E2E Tests","Conversion and metadata preservation"],"duration":88,"failing":false,"failureDetails":[],"failureMessages":[],"fullName":"Metadata Preservation E2E Tests Conversion and metadata preservation preserves Korean characters when converting to ogg","invocations":1,"location":null,"numPassingAsserts":10,"retryReasons":[],"startAt":1772940643139,"status":"passed","title":"preserves Korean characters when converting to ogg"},{"ancestorTitles":["Metadata Preservation E2E Tests","Conversion and metadata preservation"],"duration":76,"failing":false,"failureDetails":[],"failureMessages":[],"fullName":"Metadata Preservation E2E Tests Conversion and metadata preservation preserves Korean characters when converting to flac","invocations":1,"location":null,"numPassingAsserts":10,"retryReasons":[],"startAt":1772940643227,"status":"passed","title":"preserves Korean characters when converting to flac"},{"ancestorTitles":["Metadata Preservation E2E Tests","Conversion and metadata preservation"],"duration":85,"failing":false,"failureDetails":[],"failureMessages":[],"fullName":"Metadata Preservation E2E Tests Conversion and metadata preservation preserves Emoji in metadata when converting to mp3","invocations":1,"location":null,"numPassingAsserts":7,"retryReasons":[],"startAt":1772940643303,"status":"passed","title":"preserves Emoji in metadata when converting to mp3"},{"ancestorTitles":["Metadata Preservation E2E Tests","Conversion and metadata preservation"],"duration":91,"failing":false,"failureDetails":[],"failureMessages":[],"fullName":"Metadata Preservation E2E Tests Conversion and metadata preservation preserves Emoji in metadata when converting to ogg","invocations":1,"location":null,"numPassingAsserts":10,"retryReasons":[],"startAt":1772940643388,"status":"passed","title":"preserves Emoji in metadata when converting to ogg"},{"ancestorTitles":["Metadata Preservation E2E Tests","Conversion and metadata preservation"],"duration":74,"failing":false,"failureDetails":[],"failureMessages":[],"fullName":"Metadata Preservation E2E Tests Conversion and metadata preservation preserves Emoji in metadata when converting to flac","invocations":1,"location":null,"numPassingAsserts":10,"retryReasons":[],"startAt":1772940643479,"status":"passed","title":"preserves Emoji in metadata when converting to flac"},{"ancestorTitles":["Metadata Preservation E2E Tests","Conversion and metadata preservation"],"duration":77,"failing":false,"failureDetails":[],"failureMessages":[],"fullName":"Metadata Preservation E2E Tests Conversion and metadata preservation preserves Commas in metadata when converting to mp3","invocations":1,"location":null,"numPassingAsserts":7,"retryReasons":[],"startAt":1772940643553,"status":"passed","title":"preserves Commas in metadata when converting to mp3"},{"ancestorTitles":["Metadata Preservation E2E Tests","Conversion and metadata preservation"],"duration":86,"failing":false,"failureDetails":[],"failureMessages":[],"fullName":"Metadata Preservation E2E Tests Conversion and metadata preservation preserves Commas in metadata when converting to ogg","invocations":1,"location":null,"numPassingAsserts":10,"retryReasons":[],"startAt":1772940643630,"status":"passed","title":"preserves Commas in metadata when converting to ogg"},{"ancestorTitles":["Metadata Preservation E2E Tests","Conversion and metadata preservation"],"duration":72,"failing":false,"failureDetails":[],"failureMessages":[],"fullName":"Metadata Preservation E2E Tests Conversion and metadata preservation preserves Commas in metadata when converting to flac","invocations":1,"location":null,"numPassingAsserts":10,"retryReasons":[],"startAt":1772940643716,"status":"passed","title":"preserves Commas in metadata when converting to flac"},{"ancestorTitles":["Metadata Preservation E2E Tests","Conversion and metadata preservation"],"duration":85,"failing":false,"failureDetails":[],"failureMessages":[],"fullName":"Metadata Preservation E2E Tests Conversion and metadata preservation preserves Quotes in metadata when converting to mp3","invocations":1,"location":null,"numPassingAsserts":7,"retryReasons":[],"startAt":1772940643789,"status":"passed","title":"preserves Quotes in metadata when converting to mp3"},{"ancestorTitles":["Metadata Preservation E2E Tests","Conversion and metadata preservation"],"duration":88,"failing":false,"failureDetails":[],"failureMessages":[],"fullName":"Metadata Preservation E2E Tests Conversion and metadata preservation preserves Quotes in metadata when converting to ogg","invocations":1,"location":null,"numPassingAsserts":10,"retryReasons":[],"startAt":1772940643874,"status":"passed","title":"preserves Quotes in metadata when converting to ogg"},{"ancestorTitles":["Metadata Preservation E2E Tests","Conversion and metadata preservation"],"duration":73,"failing":false,"failureDetails":[],"failureMessages":[],"fullName":"Metadata Preservation E2E Tests Conversion and metadata preservation preserves Quotes in metadata when converting to flac","invocations":1,"location":null,"numPassingAsserts":10,"retryReasons":[],"startAt":1772940643962,"status":"passed","title":"preserves Quotes in metadata when converting to flac"},{"ancestorTitles":["Metadata Preservation E2E Tests","Conversion and metadata preservation"],"duration":76,"failing":false,"failureDetails":[],"failureMessages":[],"fullName":"Metadata Preservation E2E Tests Conversion and metadata preservation preserves Special characters when converting to mp3","invocations":1,"location":null,"numPassingAsserts":7,"retryReasons":[],"startAt":1772940644036,"status":"passed","title":"preserves Special characters when converting to mp3"},{"ancestorTitles":["Metadata Preservation E2E Tests","Conversion and metadata preservation"],"duration":89,"failing":false,"failureDetails":[],"failureMessages":[],"fullName":"Metadata Preservation E2E Tests Conversion and metadata preservation preserves Special characters when converting to ogg","invocations":1,"location":null,"numPassingAsserts":10,"retryReasons":[],"startAt":1772940644112,"status":"passed","title":"preserves Special characters when converting to ogg"},{"ancestorTitles":["Metadata Preservation E2E Tests","Conversion and metadata preservation"],"duration":78,"failing":false,"failureDetails":[],"failureMessages":[],"fullName":"Metadata Preservation E2E Tests Conversion and metadata preservation preserves Special characters when converting to flac","invocations":1,"location":null,"numPassingAsserts":10,"retryReasons":[],"startAt":1772940644201,"status":"passed","title":"preserves Special characters when converting to flac"},{"ancestorTitles":["Metadata Preservation E2E Tests","Conversion and metadata preservation"],"duration":77,"failing":false,"failureDetails":[],"failureMessages":[],"fullName":"Metadata Preservation E2E Tests Conversion and metadata preservation preserves Backslashes (Windows paths) when converting to mp3","invocations":1,"location":null,"numPassingAsserts":7,"retryReasons":[],"startAt":1772940644279,"status":"passed","title":"preserves Backslashes (Windows paths) when converting to mp3"},{"ancestorTitles":["Metadata Preservation E2E Tests","Conversion and metadata preservation"],"duration":88,"failing":false,"failureDetails":[],"failureMessages":[],"fullName":"Metadata Preservation E2E Tests Conversion and metadata preservation preserves Backslashes (Windows paths) when converting to ogg","invocations":1,"location":null,"numPassingAsserts":10,"retryReasons":[],"startAt":1772940644356,"status":"passed","title":"preserves Backslashes (Windows paths) when converting to ogg"},{"ancestorTitles":["Metadata Preservation E2E Tests","Conversion and metadata preservation"],"duration":75,"failing":false,"failureDetails":[],"failureMessages":[],"fullName":"Metadata Preservation E2E Tests Conversion and metadata preservation preserves Backslashes (Windows paths) when converting to flac","invocations":1,"location":null,"numPassingAsserts":10,"retryReasons":[],"startAt":1772940644444,"status":"passed","title":"preserves Backslashes (Windows paths) when converting to flac"},{"ancestorTitles":["Metadata Preservation E2E Tests","Conversion and metadata preservation"],"duration":78,"failing":false,"failureDetails":[],"failureMessages":[],"fullName":"Metadata Preservation E2E Tests Conversion and metadata preservation preserves Long metadata strings when converting to mp3","invocations":1,"location":null,"numPassingAsserts":7,"retryReasons":[],"startAt":1772940644519,"status":"passed","title":"preserves Long metadata strings when converting to mp3"},{"ancestorTitles":["Metadata Preservation E2E Tests","Conversion and metadata preservation"],"duration":90,"failing":false,"failureDetails":[],"failureMessages":[],"fullName":"Metadata Preservation E2E Tests Conversion and metadata preservation preserves Long metadata strings when converting to ogg","invocations":1,"location":null,"numPassingAsserts":10,"retryReasons":[],"startAt":1772940644598,"status":"passed","title":"preserves Long metadata strings when converting to ogg"},{"ancestorTitles":["Metadata Preservation E2E Tests","Conversion and metadata preservation"],"duration":77,"failing":false,"failureDetails":[],"failureMessages":[],"fullName":"Metadata Preservation E2E Tests Conversion and metadata preservation preserves Long metadata strings when converting to flac","invocations":1,"location":null,"numPassingAsserts":10,"retryReasons":[],"startAt":1772940644688,"status":"passed","title":"preserves Long metadata strings when converting to flac"},{"ancestorTitles":["Metadata Preservation E2E Tests","Conversion and metadata preservation"],"duration":75,"failing":false,"failureDetails":[],"failureMessages":[],"fullName":"Metadata Preservation E2E Tests Conversion and metadata preservation preserves Mixed Unicode scripts when converting to mp3","invocations":1,"location":null,"numPassingAsserts":7,"retryReasons":[],"startAt":1772940644765,"status":"passed","title":"preserves Mixed Unicode scripts when converting to mp3"},{"ancestorTitles":["Metadata Preservation E2E Tests","Conversion and metadata preservation"],"duration":87,"failing":false,"failureDetails":[],"failureMessages":[],"fullName":"Metadata Preservation E2E Tests Conversion and metadata preservation preserves Mixed Unicode scripts when converting to ogg","invocations":1,"location":null,"numPassingAsserts":10,"retryReasons":[],"startAt":1772940644840,"status":"passed","title":"preserves Mixed Unicode scripts when converting to ogg"},{"ancestorTitles":["Metadata Preservation E2E Tests","Conversion and metadata preservation"],"duration":73,"failing":false,"failureDetails":[],"failureMessages":[],"fullName":"Metadata Preservation E2E Tests Conversion and metadata preservation preserves Mixed Unicode scripts when converting to flac","invocations":1,"location":null,"numPassingAsserts":10,"retryReasons":[],"startAt":1772940644928,"status":"passed","title":"preserves Mixed Unicode scripts when converting to flac"},{"ancestorTitles":["Metadata Preservation E2E Tests","File integrity checks"],"duration":86,"failing":false,"failureDetails":[],"failureMessages":[],"fullName":"Metadata Preservation E2E Tests File integrity checks output duration matches input duration","invocations":1,"location":null,"numPassingAsserts":7,"retryReasons":[],"startAt":1772940645002,"status":"passed","title":"output duration matches input duration"},{"ancestorTitles":["Metadata Preservation E2E Tests","File integrity checks"],"duration":715,"failing":false,"failureDetails":[],"failureMessages":[],"fullName":"Metadata Preservation E2E Tests File integrity checks output files have no ffprobe errors","invocations":1,"location":null,"numPassingAsserts":33,"retryReasons":[],"startAt":1772940645089,"status":"passed","title":"output files have no ffprobe errors"},{"ancestorTitles":["Metadata Preservation E2E Tests","Channel preservation"],"duration":217,"failing":false,"failureDetails":[],"failureMessages":[],"fullName":"Metadata Preservation E2E Tests Channel preservation preserves stereo channels","invocations":1,"location":null,"numPassingAsserts":10,"retryReasons":[],"startAt":1772940645805,"status":"passed","title":"preserves stereo channels"},{"ancestorTitles":["Metadata Preservation E2E Tests","Channel preservation"],"duration":201,"failing":false,"failureDetails":[],"failureMessages":[],"fullName":"Metadata Preservation E2E Tests Channel preservation preserves mono channels","invocations":1,"location":null,"numPassingAsserts":7,"retryReasons":[],"startAt":1772940646023,"status":"passed","title":"preserves mono channels"},{"ancestorTitles":["Metadata Preservation E2E Tests","Sample rate handling"],"duration":286,"failing":false,"failureDetails":[],"failureMessages":[],"fullName":"Metadata Preservation E2E Tests Sample rate handling handles 22050Hz sample rate","invocations":1,"location":null,"numPassingAsserts":8,"retryReasons":[],"startAt":1772940646224,"status":"passed","title":"handles 22050Hz sample rate"},{"ancestorTitles":["Metadata Preservation E2E Tests","Sample rate handling"],"duration":288,"failing":false,"failureDetails":[],"failureMessages":[],"fullName":"Metadata Preservation E2E Tests Sample rate handling handles 44100Hz sample rate","invocations":1,"location":null,"numPassingAsserts":8,"retryReasons":[],"startAt":1772940646511,"status":"passed","title":"handles 44100Hz sample rate"},{"ancestorTitles":["Metadata Preservation E2E Tests","Sample rate handling"],"duration":288,"failing":false,"failureDetails":[],"failureMessages":[],"fullName":"Metadata Preservation E2E Tests Sample rate handling handles 48000Hz sample rate","invocations":1,"location":null,"numPassingAsserts":8,"retryReasons":[],"startAt":1772940646799,"status":"passed","title":"handles 48000Hz sample rate"},{"ancestorTitles":["Metadata Preservation E2E Tests","Unicode filenames"],"duration":84,"failing":false,"failureDetails":[],"failureMessages":[],"fullName":"Metadata Preservation E2E Tests Unicode filenames handles Japanese filename","invocations":1,"location":null,"numPassingAsserts":5,"retryReasons":[],"startAt":1772940647087,"status":"passed","title":"handles Japanese filename"},{"ancestorTitles":["Metadata Preservation E2E Tests","Unicode filenames"],"duration":82,"failing":false,"failureDetails":[],"failureMessages":[],"fullName":"Metadata Preservation E2E Tests Unicode filenames handles Chinese filename","invocations":1,"location":null,"numPassingAsserts":5,"retryReasons":[],"startAt":1772940647171,"status":"passed","title":"handles Chinese filename"},{"ancestorTitles":["Metadata Preservation E2E Tests","Unicode filenames"],"duration":78,"failing":false,"failureDetails":[],"failureMessages":[],"fullName":"Metadata Preservation E2E Tests Unicode filenames handles Korean filename","invocations":1,"location":null,"numPassingAsserts":5,"retryReasons":[],"startAt":1772940647254,"status":"passed","title":"handles Korean filename"},{"ancestorTitles":["Metadata Preservation E2E Tests","Unicode filenames"],"duration":80,"failing":false,"failureDetails":[],"failureMessages":[],"fullName":"Metadata Preservation E2E Tests Unicode filenames handles German umlauts","invocations":1,"location":null,"numPassingAsserts":5,"retryReasons":[],"startAt":1772940647333,"status":"passed","title":"handles German umlauts"},{"ancestorTitles":["Metadata Preservation E2E Tests","Unicode filenames"],"duration":81,"failing":false,"failureDetails":[],"failureMessages":[],"fullName":"Metadata Preservation E2E Tests Unicode filenames handles French accents","invocations":1,"location":null,"numPassingAsserts":5,"retryReasons":[],"startAt":1772940647414,"status":"passed","title":"handles French accents"},{"ancestorTitles":["Metadata Preservation E2E Tests","Unicode filenames"],"duration":79,"failing":false,"failureDetails":[],"failureMessages":[],"fullName":"Metadata Preservation E2E Tests Unicode filenames handles Spanish characters","invocations":1,"location":null,"numPassingAsserts":5,"retryReasons":[],"startAt":1772940647496,"status":"passed","title":"handles Spanish characters"},{"ancestorTitles":["Metadata Preservation E2E Tests","Unicode filenames"],"duration":81,"failing":false,"failureDetails":[],"failureMessages":[],"fullName":"Metadata Preservation E2E Tests Unicode filenames handles Russian Cyrillic","invocations":1,"location":null,"numPassingAsserts":5,"retryReasons":[],"startAt":1772940647576,"status":"passed","title":"handles Russian Cyrillic"},{"ancestorTitles":["Metadata Preservation E2E Tests","Unicode filenames"],"duration":79,"failing":false,"failureDetails":[],"failureMessages":[],"fullName":"Metadata Preservation E2E Tests Unicode filenames handles Arabic","invocations":1,"location":null,"numPassingAsserts":5,"retryReasons":[],"startAt":1772940647658,"status":"passed","title":"handles Arabic"},{"ancestorTitles":["Metadata Preservation E2E Tests","Unicode filenames"],"duration":80,"failing":false,"failureDetails":[],"failureMessages":[],"fullName":"Metadata Preservation E2E Tests Unicode filenames handles Emoji filename","invocations":1,"location":null,"numPassingAsserts":5,"retryReasons":[],"startAt":1772940647737,"status":"passed","title":"handles Emoji filename"},{"ancestorTitles":["Metadata Preservation E2E Tests","Unicode filenames"],"duration":80,"failing":false,"failureDetails":[],"failureMessages":[],"fullName":"Metadata Preservation E2E Tests Unicode filenames handles Brackets in filename","invocations":1,"location":null,"numPassingAsserts":5,"retryReasons":[],"startAt":1772940647817,"status":"passed","title":"handles Brackets in filename"},{"ancestorTitles":["Metadata Preservation E2E Tests","Unicode filenames"],"duration":83,"failing":false,"failureDetails":[],"failureMessages":[],"fullName":"Metadata Preservation E2E Tests Unicode filenames handles Apostrophe in filename","invocations":1,"location":null,"numPassingAsserts":5,"retryReasons":[],"startAt":1772940647898,"status":"passed","title":"handles Apostrophe in filename"},{"ancestorTitles":["Metadata Preservation E2E Tests","Unicode filenames"],"duration":83,"failing":false,"failureDetails":[],"failureMessages":[],"fullName":"Metadata Preservation E2E Tests Unicode filenames handles Dashes and underscores","invocations":1,"location":null,"numPassingAsserts":5,"retryReasons":[],"startAt":1772940647982,"status":"passed","title":"handles Dashes and underscores"},{"ancestorTitles":["Metadata Preservation E2E Tests","Unicode filenames"],"duration":81,"failing":false,"failureDetails":[],"failureMessages":[],"fullName":"Metadata Preservation E2E Tests Unicode filenames handles Long filename","invocations":1,"location":null,"numPassingAsserts":5,"retryReasons":[],"startAt":1772940648065,"status":"passed","title":"handles Long filename"},{"ancestorTitles":["Metadata Preservation E2E Tests","Unicode directory paths"],"duration":82,"failing":false,"failureDetails":[],"failureMessages":[],"fullName":"Metadata Preservation E2E Tests Unicode directory paths handles Japanese path","invocations":1,"location":null,"numPassingAsserts":5,"retryReasons":[],"startAt":1772940648147,"status":"passed","title":"handles Japanese path"},{"ancestorTitles":["Metadata Preservation E2E Tests","Unicode directory paths"],"duration":81,"failing":false,"failureDetails":[],"failureMessages":[],"fullName":"Metadata Preservation E2E Tests Unicode directory paths handles Chinese path","invocations":1,"location":null,"numPassingAsserts":5,"retryReasons":[],"startAt":1772940648229,"status":"passed","title":"handles Chinese path"},{"ancestorTitles":["Metadata Preservation E2E Tests","Unicode directory paths"],"duration":83,"failing":false,"failureDetails":[],"failureMessages":[],"fullName":"Metadata Preservation E2E Tests Unicode directory paths handles Korean path","invocations":1,"location":null,"numPassingAsserts":5,"retryReasons":[],"startAt":1772940648310,"status":"passed","title":"handles Korean path"},{"ancestorTitles":["Metadata Preservation E2E Tests","Unicode directory paths"],"duration":84,"failing":false,"failureDetails":[],"failureMessages":[],"fullName":"Metadata Preservation E2E Tests Unicode directory paths handles German path","invocations":1,"location":null,"numPassingAsserts":5,"retryReasons":[],"startAt":1772940648393,"status":"passed","title":"handles German path"},{"ancestorTitles":["Metadata Preservation E2E Tests","Unicode directory paths"],"duration":80,"failing":false,"failureDetails":[],"failureMessages":[],"fullName":"Metadata Preservation E2E Tests Unicode directory paths handles Spanish path","invocations":1,"location":null,"numPassingAsserts":5,"retryReasons":[],"startAt":1772940648477,"status":"passed","title":"handles Spanish path"},{"ancestorTitles":["Metadata Preservation E2E Tests","Unicode directory paths"],"duration":84,"failing":false,"failureDetails":[],"failureMessages":[],"fullName":"Metadata Preservation E2E Tests Unicode directory paths handles Emoji path","invocations":1,"location":null,"numPassingAsserts":5,"retryReasons":[],"startAt":1772940648558,"status":"passed","title":"handles Emoji path"},{"ancestorTitles":["Metadata Preservation E2E Tests","Unicode directory paths"],"duration":82,"failing":false,"failureDetails":[],"failureMessages":[],"fullName":"Metadata Preservation E2E Tests Unicode directory paths handles Common music path","invocations":1,"location":null,"numPassingAsserts":5,"retryReasons":[],"startAt":1772940648642,"status":"passed","title":"handles Common music path"},{"ancestorTitles":["Metadata Preservation E2E Tests","Unicode directory paths"],"duration":89,"failing":false,"failureDetails":[],"failureMessages":[],"fullName":"Metadata Preservation E2E Tests Unicode directory paths handles Apostrophe in path","invocations":1,"location":null,"numPassingAsserts":5,"retryReasons":[],"startAt":1772940648725,"status":"passed","title":"handles Apostrophe in path"},{"ancestorTitles":["Metadata Preservation E2E Tests","Unicode directory paths"],"duration":84,"failing":false,"failureDetails":[],"failureMessages":[],"fullName":"Metadata Preservation E2E Tests Unicode directory paths handles Brackets in path","invocations":1,"location":null,"numPassingAsserts":5,"retryReasons":[],"startAt":1772940648814,"status":"passed","title":"handles Brackets in path"},{"ancestorTitles":["Metadata Preservation E2E Tests","Unicode directory paths"],"duration":93,"failing":false,"failureDetails":[],"failureMessages":[],"fullName":"Metadata Preservation E2E Tests Unicode directory paths handles Deeply nested path","invocations":1,"location":null,"numPassingAsserts":5,"retryReasons":[],"startAt":1772940648898,"status":"passed","title":"handles Deeply nested path"},{"ancestorTitles":["Metadata Preservation E2E Tests","Combined Unicode filename and path"],"duration":102,"failing":false,"failureDetails":[],"failureMessages":[],"fullName":"Metadata Preservation E2E Tests Combined Unicode filename and path handles Japanese path + Japanese filename","invocations":1,"location":null,"numPassingAsserts":6,"retryReasons":[],"startAt":1772940648992,"status":"passed","title":"handles Japanese path + Japanese filename"},{"ancestorTitles":["Metadata Preservation E2E Tests","Combined Unicode filename and path"],"duration":102,"failing":false,"failureDetails":[],"failureMessages":[],"fullName":"Metadata Preservation E2E Tests Combined Unicode filename and path handles Chinese path + Chinese filename","invocations":1,"location":null,"numPassingAsserts":6,"retryReasons":[],"startAt":1772940649094,"status":"passed","title":"handles Chinese path + Chinese filename"},{"ancestorTitles":["Metadata Preservation E2E Tests","Combined Unicode filename and path"],"duration":102,"failing":false,"failureDetails":[],"failureMessages":[],"fullName":"Metadata Preservation E2E Tests Combined Unicode filename and path handles Mixed script path + filename","invocations":1,"location":null,"numPassingAsserts":6,"retryReasons":[],"startAt":1772940649196,"status":"passed","title":"handles Mixed script path + filename"},{"ancestorTitles":["Metadata Preservation E2E Tests","Combined Unicode filename and path"],"duration":102,"failing":false,"failureDetails":[],"failureMessages":[],"fullName":"Metadata Preservation E2E Tests Combined Unicode filename and path handles Emoji path + emoji filename","invocations":1,"location":null,"numPassingAsserts":6,"retryReasons":[],"startAt":1772940649299,"status":"passed","title":"handles Emoji path + emoji filename"},{"ancestorTitles":["Metadata Preservation E2E Tests","Combined Unicode filename and path"],"duration":101,"failing":false,"failureDetails":[],"failureMessages":[],"fullName":"Metadata Preservation E2E Tests Combined Unicode filename and path handles Special chars in both","invocations":1,"location":null,"numPassingAsserts":6,"retryReasons":[],"startAt":1772940649402,"status":"passed","title":"handles Special chars in both"}],"endTime":1772940649522,"message":"","name":"C:\\Users\\Darren\\Ez-Game-Audio-Conversion\\src\\__tests__\\integration\\metadataPreservation.test.ts","startTime":1772940641479,"status":"passed","summary":""},{"assertionResults":[{"ancestorTitles":["Unicode Path Support (Integration)","Chinese character paths"],"duration":35,"failing":false,"failureDetails":[],"failureMessages":[],"fullName":"Unicode Path Support (Integration) Chinese character paths creates input file with Chinese name","invocations":1,"location":null,"numPassingAsserts":1,"retryReasons":[],"startAt":1772940649639,"status":"passed","title":"creates input file with Chinese name"},{"ancestorTitles":["Unicode Path Support (Integration)","Chinese character paths"],"duration":38,"failing":false,"failureDetails":[],"failureMessages":[],"fullName":"Unicode Path Support (Integration) Chinese character paths converts file with Chinese name to MP3","invocations":1,"location":null,"numPassingAsserts":2,"retryReasons":[],"startAt":1772940649675,"status":"passed","title":"converts file with Chinese name to MP3"},{"ancestorTitles":["Unicode Path Support (Integration)","Japanese character paths"],"duration":38,"failing":false,"failureDetails":[],"failureMessages":[],"fullName":"Unicode Path Support (Integration) Japanese character paths creates input file with Japanese name","invocations":1,"location":null,"numPassingAsserts":1,"retryReasons":[],"startAt":1772940649714,"status":"passed","title":"creates input file with Japanese name"},{"ancestorTitles":["Unicode Path Support (Integration)","Japanese character paths"],"duration":45,"failing":false,"failureDetails":[],"failureMessages":[],"fullName":"Unicode Path Support (Integration) Japanese character paths converts file with Japanese name to OGG","invocations":1,"location":null,"numPassingAsserts":2,"retryReasons":[],"startAt":1772940649752,"status":"passed","title":"converts file with Japanese name to OGG"},{"ancestorTitles":["Unicode Path Support (Integration)","Arabic character paths"],"duration":38,"failing":false,"failureDetails":[],"failureMessages":[],"fullName":"Unicode Path Support (Integration) Arabic character paths creates input file with Arabic name","invocations":1,"location":null,"numPassingAsserts":1,"retryReasons":[],"startAt":1772940649798,"status":"passed","title":"creates input file with Arabic name"},{"ancestorTitles":["Unicode Path Support (Integration)","Arabic character paths"],"duration":40,"failing":false,"failureDetails":[],"failureMessages":[],"fullName":"Unicode Path Support (Integration) Arabic character paths converts file with Arabic name to FLAC","invocations":1,"location":null,"numPassingAsserts":2,"retryReasons":[],"startAt":1772940649836,"status":"passed","title":"converts file with Arabic name to FLAC"},{"ancestorTitles":["Unicode Path Support (Integration)","Korean character paths"],"duration":37,"failing":false,"failureDetails":[],"failureMessages":[],"fullName":"Unicode Path Support (Integration) Korean character paths creates input file with Korean name","invocations":1,"location":null,"numPassingAsserts":1,"retryReasons":[],"startAt":1772940649877,"status":"passed","title":"creates input file with Korean name"},{"ancestorTitles":["Unicode Path Support (Integration)","Korean character paths"],"duration":44,"failing":false,"failureDetails":[],"failureMessages":[],"fullName":"Unicode Path Support (Integration) Korean character paths converts file with Korean name to MP3","invocations":1,"location":null,"numPassingAsserts":2,"retryReasons":[],"startAt":1772940649915,"status":"passed","title":"converts file with Korean name to MP3"},{"ancestorTitles":["Unicode Path Support (Integration)","Cyrillic character paths"],"duration":38,"failing":false,"failureDetails":[],"failureMessages":[],"fullName":"Unicode Path Support (Integration) Cyrillic character paths creates input file with Russian name","invocations":1,"location":null,"numPassingAsserts":1,"retryReasons":[],"startAt":1772940649959,"status":"passed","title":"creates input file with Russian name"},{"ancestorTitles":["Unicode Path Support (Integration)","Cyrillic character paths"],"duration":46,"failing":false,"failureDetails":[],"failureMessages":[],"fullName":"Unicode Path Support (Integration) Cyrillic character paths converts file with Russian name to OGG","invocations":1,"location":null,"numPassingAsserts":2,"retryReasons":[],"startAt":1772940649997,"status":"passed","title":"converts file with Russian name to OGG"},{"ancestorTitles":["Unicode Path Support (Integration)","Accented European character paths"],"duration":39,"failing":false,"failureDetails":[],"failureMessages":[],"fullName":"Unicode Path Support (Integration) Accented European character paths creates input file with accented name","invocations":1,"location":null,"numPassingAsserts":1,"retryReasons":[],"startAt":1772940650043,"status":"passed","title":"creates input file with accented name"},{"ancestorTitles":["Unicode Path Support (Integration)","Accented European character paths"],"duration":40,"failing":false,"failureDetails":[],"failureMessages":[],"fullName":"Unicode Path Support (Integration) Accented European character paths converts file with accented name to MP3","invocations":1,"location":null,"numPassingAsserts":2,"retryReasons":[],"startAt":1772940650082,"status":"passed","title":"converts file with accented name to MP3"},{"ancestorTitles":["Unicode Path Support (Integration)","Mixed script paths"],"duration":38,"failing":false,"failureDetails":[],"failureMessages":[],"fullName":"Unicode Path Support (Integration) Mixed script paths creates input file with mixed script name","invocations":1,"location":null,"numPassingAsserts":1,"retryReasons":[],"startAt":1772940650123,"status":"passed","title":"creates input file with mixed script name"},{"ancestorTitles":["Unicode Path Support (Integration)","Mixed script paths"],"duration":39,"failing":false,"failureDetails":[],"failureMessages":[],"fullName":"Unicode Path Support (Integration) Mixed script paths converts file with mixed script name to FLAC","invocations":1,"location":null,"numPassingAsserts":2,"retryReasons":[],"startAt":1772940650162,"status":"passed","title":"converts file with mixed script name to FLAC"},{"ancestorTitles":["Unicode Path Support (Integration)","Unicode subdirectory paths"],"duration":1,"failing":false,"failureDetails":[],"failureMessages":[],"fullName":"Unicode Path Support (Integration) Unicode subdirectory paths creates directories with Unicode names","invocations":1,"location":null,"numPassingAsserts":1,"retryReasons":[],"startAt":1772940650201,"status":"passed","title":"creates directories with Unicode names"},{"ancestorTitles":["Unicode Path Support (Integration)","Unicode subdirectory paths"],"duration":77,"failing":false,"failureDetails":[],"failureMessages":[],"fullName":"Unicode Path Support (Integration) Unicode subdirectory paths converts to files in Unicode subdirectories","invocations":1,"location":null,"numPassingAsserts":2,"retryReasons":[],"startAt":1772940650202,"status":"passed","title":"converts to files in Unicode subdirectories"},{"ancestorTitles":["Unicode Path Support (Integration)","Edge cases"],"duration":76,"failing":false,"failureDetails":[],"failureMessages":[],"fullName":"Unicode Path Support (Integration) Edge cases handles very long Unicode paths","invocations":1,"location":null,"numPassingAsserts":1,"retryReasons":[],"startAt":1772940650279,"status":"passed","title":"handles very long Unicode paths"},{"ancestorTitles":["Unicode Path Support (Integration)","Edge cases"],"duration":78,"failing":false,"failureDetails":[],"failureMessages":[],"fullName":"Unicode Path Support (Integration) Edge cases handles Unicode with spaces","invocations":1,"location":null,"numPassingAsserts":1,"retryReasons":[],"startAt":1772940650355,"status":"passed","title":"handles Unicode with spaces"},{"ancestorTitles":["Unicode Path Support (Integration)","Edge cases"],"duration":74,"failing":false,"failureDetails":[],"failureMessages":[],"fullName":"Unicode Path Support (Integration) Edge cases handles Unicode with hyphens and underscores","invocations":1,"location":null,"numPassingAsserts":1,"retryReasons":[],"startAt":1772940650433,"status":"passed","title":"handles Unicode with hyphens and underscores"},{"ancestorTitles":["Unicode Path Support (Integration)","Validation tests (no ffmpeg needed)"],"duration":0,"failing":false,"failureDetails":[],"failureMessages":[],"fullName":"Unicode Path Support (Integration) Validation tests (no ffmpeg needed) path regex allows Unicode but blocks Windows-invalid chars","invocations":1,"location":null,"numPassingAsserts":13,"retryReasons":[],"startAt":1772940650507,"status":"passed","title":"path regex allows Unicode but blocks Windows-invalid chars"},{"ancestorTitles":["Unicode Path Support (Integration)","Validation tests (no ffmpeg needed)"],"duration":0,"failing":false,"failureDetails":[],"failureMessages":[],"fullName":"Unicode Path Support (Integration) Validation tests (no ffmpeg needed) validates all Windows-invalid characters are blocked","invocations":1,"location":null,"numPassingAsserts":6,"retryReasons":[],"startAt":1772940650508,"status":"passed","title":"validates all Windows-invalid characters are blocked"},{"ancestorTitles":["Unicode Path Support (Integration)","Validation tests (no ffmpeg needed)"],"duration":1,"failing":false,"failureDetails":[],"failureMessages":[],"fullName":"Unicode Path Support (Integration) Validation tests (no ffmpeg needed) validates control characters are blocked","invocations":1,"location":null,"numPassingAsserts":32,"retryReasons":[],"startAt":1772940650508,"status":"passed","title":"validates control characters are blocked"}],"endTime":1772940650512,"message":"","name":"C:\\Users\\Darren\\Ez-Game-Audio-Conversion\\src\\__tests__\\integration\\unicodePaths.test.ts","startTime":1772940649529,"status":"passed","summary":""},{"assertionResults":[{"ancestorTitles":["SEA Build Tests","Release directory structure"],"duration":1,"failing":false,"failureDetails":[],"failureMessages":[],"fullName":"SEA Build Tests Release directory structure release directory exists","invocations":1,"location":null,"numPassingAsserts":1,"retryReasons":[],"startAt":1772940650601,"status":"passed","title":"release directory exists"},{"ancestorTitles":["SEA Build Tests","Release directory structure"],"duration":0,"failing":false,"failureDetails":[],"failureMessages":[],"fullName":"SEA Build Tests Release directory structure executable has correct .exe extension on Windows","invocations":1,"location":null,"numPassingAsserts":1,"retryReasons":[],"startAt":1772940650602,"status":"passed","title":"executable has correct .exe extension on Windows"},{"ancestorTitles":["SEA Build Tests","Release directory structure"],"duration":0,"failing":false,"failureDetails":[],"failureMessages":[],"fullName":"SEA Build Tests Release directory structure ZIP archive exists","invocations":1,"location":null,"numPassingAsserts":1,"retryReasons":[],"startAt":1772940650603,"status":"passed","title":"ZIP archive exists"},{"ancestorTitles":["SEA Build Tests","Release directory structure"],"duration":6,"failing":false,"failureDetails":[],"failureMessages":[],"fullName":"SEA Build Tests Release directory structure ZIP checksum file exists","invocations":1,"location":null,"numPassingAsserts":0,"retryReasons":[],"startAt":1772940650604,"status":"passed","title":"ZIP checksum file exists"},{"ancestorTitles":["SEA Build Tests","Release directory structure"],"duration":0,"failing":false,"failureDetails":[],"failureMessages":[],"fullName":"SEA Build Tests Release directory structure update.json manifest exists","invocations":1,"location":null,"numPassingAsserts":0,"retryReasons":[],"startAt":1772940650610,"status":"passed","title":"update.json manifest exists"},{"ancestorTitles":["SEA Build Tests","Intermediate file cleanup"],"duration":1,"failing":false,"failureDetails":[{"matcherResult":{"actual":true,"expected":false,"message":"\u001b[2mexpect(\u001b[22m\u001b[31mreceived\u001b[39m\u001b[2m).\u001b[22mtoBe\u001b[2m(\u001b[22m\u001b[32mexpected\u001b[39m\u001b[2m) // Object.is equality\u001b[22m\n\nExpected: \u001b[32mfalse\u001b[39m\nReceived: \u001b[31mtrue\u001b[39m","name":"toBe","pass":false}}],"failureMessages":["Error: \u001b[2mexpect(\u001b[22m\u001b[31mreceived\u001b[39m\u001b[2m).\u001b[22mtoBe\u001b[2m(\u001b[22m\u001b[32mexpected\u001b[39m\u001b[2m) // Object.is equality\u001b[22m\n\nExpected: \u001b[32mfalse\u001b[39m\nReceived: \u001b[31mtrue\u001b[39m\n    at Object.<anonymous> (C:\\Users\\Darren\\Ez-Game-Audio-Conversion\\src\\__tests__\\seaBuild.test.ts:263:37)\n    at Promise.finally.completed (C:\\Users\\Darren\\Ez-Game-Audio-Conversion\\node_modules\\jest-circus\\build\\jestAdapterInit.js:1557:28)\n    at new Promise (<anonymous>)\n    at callAsyncCircusFn (C:\\Users\\Darren\\Ez-Game-Audio-Conversion\\node_modules\\jest-circus\\build\\jestAdapterInit.js:1497:10)\n    at _callCircusTest (C:\\Users\\Darren\\Ez-Game-Audio-Conversion\\node_modules\\jest-circus\\build\\jestAdapterInit.js:1007:40)\n    at _runTest (C:\\Users\\Darren\\Ez-Game-Audio-Conversion\\node_modules\\jest-circus\\build\\jestAdapterInit.js:947:3)\n    at C:\\Users\\Darren\\Ez-Game-Audio-Conversion\\node_modules\\jest-circus\\build\\jestAdapterInit.js:849:7\n    at _runTestsForDescribeBlock (C:\\Users\\Darren\\Ez-Game-Audio-Conversion\\node_modules\\jest-circus\\build\\jestAdapterInit.js:862:11)\n    at _runTestsForDescribeBlock (C:\\Users\\Darren\\Ez-Game-Audio-Conversion\\node_modules\\jest-circus\\build\\jestAdapterInit.js:857:11)\n    at _runTestsForDescribeBlock (C:\\Users\\Darren\\Ez-Game-Audio-Conversion\\node_modules\\jest-circus\\build\\jestAdapterInit.js:857:11)\n    at run (C:\\Users\\Darren\\Ez-Game-Audio-Conversion\\node_modules\\jest-circus\\build\\jestAdapterInit.js:761:3)\n    at runAndTransformResultsToJestFormat (C:\\Users\\Darren\\Ez-Game-Audio-Conversion\\node_modules\\jest-circus\\build\\jestAdapterInit.js:1918:21)\n    at jestAdapter (C:\\Users\\Darren\\Ez-Game-Audio-Conversion\\node_modules\\jest-circus\\build\\runner.js:101:19)\n    at runTestInternal (C:\\Users\\Darren\\Ez-Game-Audio-Conversion\\node_modules\\jest-runner\\build\\index.js:275:16)\n    at runTest (C:\\Users\\Darren\\Ez-Game-Audio-Conversion\\node_modules\\jest-runner\\build\\index.js:343:7)"],"fullName":"SEA Build Tests Intermediate file cleanup staging directory (package/) should not exist after build","invocations":1,"location":null,"numPassingAsserts":0,"retryReasons":[],"startAt":1772940650611,"status":"failed","title":"staging directory (package/) should not exist after build"},{"ancestorTitles":["SEA Build Tests","Intermediate file cleanup"],"duration":0,"failing":false,"failureDetails":[{"matcherResult":{"actual":true,"expected":false,"message":"\u001b[2mexpect(\u001b[22m\u001b[31mreceived\u001b[39m\u001b[2m).\u001b[22mtoBe\u001b[2m(\u001b[22m\u001b[32mexpected\u001b[39m\u001b[2m) // Object.is equality\u001b[22m\n\nExpected: \u001b[32mfalse\u001b[39m\nReceived: \u001b[31mtrue\u001b[39m","name":"toBe","pass":false}}],"failureMessages":["Error: \u001b[2mexpect(\u001b[22m\u001b[31mreceived\u001b[39m\u001b[2m).\u001b[22mtoBe\u001b[2m(\u001b[22m\u001b[32mexpected\u001b[39m\u001b[2m) // Object.is equality\u001b[22m\n\nExpected: \u001b[32mfalse\u001b[39m\nReceived: \u001b[31mtrue\u001b[39m\n    at Object.<anonymous> (C:\\Users\\Darren\\Ez-Game-Audio-Conversion\\src\\__tests__\\seaBuild.test.ts:268:38)\n    at Promise.finally.completed (C:\\Users\\Darren\\Ez-Game-Audio-Conversion\\node_modules\\jest-circus\\build\\jestAdapterInit.js:1557:28)\n    at new Promise (<anonymous>)\n    at callAsyncCircusFn (C:\\Users\\Darren\\Ez-Game-Audio-Conversion\\node_modules\\jest-circus\\build\\jestAdapterInit.js:1497:10)\n    at _callCircusTest (C:\\Users\\Darren\\Ez-Game-Audio-Conversion\\node_modules\\jest-circus\\build\\jestAdapterInit.js:1007:40)\n    at _runTest (C:\\Users\\Darren\\Ez-Game-Audio-Conversion\\node_modules\\jest-circus\\build\\jestAdapterInit.js:947:3)\n    at C:\\Users\\Darren\\Ez-Game-Audio-Conversion\\node_modules\\jest-circus\\build\\jestAdapterInit.js:849:7\n    at _runTestsForDescribeBlock (C:\\Users\\Darren\\Ez-Game-Audio-Conversion\\node_modules\\jest-circus\\build\\jestAdapterInit.js:862:11)\n    at _runTestsForDescribeBlock (C:\\Users\\Darren\\Ez-Game-Audio-Conversion\\node_modules\\jest-circus\\build\\jestAdapterInit.js:857:11)\n    at _runTestsForDescribeBlock (C:\\Users\\Darren\\Ez-Game-Audio-Conversion\\node_modules\\jest-circus\\build\\jestAdapterInit.js:857:11)\n    at run (C:\\Users\\Darren\\Ez-Game-Audio-Conversion\\node_modules\\jest-circus\\build\\jestAdapterInit.js:761:3)\n    at runAndTransformResultsToJestFormat (C:\\Users\\Darren\\Ez-Game-Audio-Conversion\\node_modules\\jest-circus\\build\\jestAdapterInit.js:1918:21)\n    at jestAdapter (C:\\Users\\Darren\\Ez-Game-Audio-Conversion\\node_modules\\jest-circus\\build\\runner.js:101:19)\n    at runTestInternal (C:\\Users\\Darren\\Ez-Game-Audio-Conversion\\node_modules\\jest-runner\\build\\index.js:275:16)\n    at runTest (C:\\Users\\Darren\\Ez-Game-Audio-Conversion\\node_modules\\jest-runner\\build\\index.js:343:7)"],"fullName":"SEA Build Tests Intermediate file cleanup app.bundle.cjs should not exist after build","invocations":1,"location":null,"numPassingAsserts":0,"retryReasons":[],"startAt":1772940650618,"status":"failed","title":"app.bundle.cjs should not exist after build"},{"ancestorTitles":["SEA Build Tests","Intermediate file cleanup"],"duration":1,"failing":false,"failureDetails":[],"failureMessages":[],"fullName":"SEA Build Tests Intermediate file cleanup sea-prep.blob should not exist after build","invocations":1,"location":null,"numPassingAsserts":1,"retryReasons":[],"startAt":1772940650618,"status":"passed","title":"sea-prep.blob should not exist after build"},{"ancestorTitles":["SEA Build Tests","Intermediate file cleanup"],"duration":0,"failing":false,"failureDetails":[],"failureMessages":[],"fullName":"SEA Build Tests Intermediate file cleanup smoke-temp should not exist after smoke tests complete","invocations":1,"location":null,"numPassingAsserts":0,"retryReasons":[],"startAt":1772940650619,"status":"passed","title":"smoke-temp should not exist after smoke tests complete"},{"ancestorTitles":["SEA Build Tests","Intermediate file cleanup"],"duration":0,"failing":false,"failureDetails":[],"failureMessages":[],"fullName":"SEA Build Tests Intermediate file cleanup release root should not have loose .bat files (should be in archive only)","invocations":1,"location":null,"numPassingAsserts":0,"retryReasons":[],"startAt":1772940650619,"status":"passed","title":"release root should not have loose .bat files (should be in archive only)"},{"ancestorTitles":["SEA Build Tests","Intermediate file cleanup"],"duration":0,"failing":false,"failureDetails":[],"failureMessages":[],"fullName":"SEA Build Tests Intermediate file cleanup release/dist/ directory should not exist after cleanup (worker bundled in archive)","invocations":1,"location":null,"numPassingAsserts":0,"retryReasons":[],"startAt":1772940650620,"status":"passed","title":"release/dist/ directory should not exist after cleanup (worker bundled in archive)"},{"ancestorTitles":["SEA Build Tests","ZIP archive contents"],"duration":0,"failing":false,"failureDetails":[],"failureMessages":[],"fullName":"SEA Build Tests ZIP archive contents ZIP contains executable with .exe extension","invocations":1,"location":null,"numPassingAsserts":0,"retryReasons":[],"startAt":1772940650997,"status":"passed","title":"ZIP contains executable with .exe extension"},{"ancestorTitles":["SEA Build Tests","ZIP archive contents"],"duration":0,"failing":false,"failureDetails":[],"failureMessages":[],"fullName":"SEA Build Tests ZIP archive contents ZIP contains worker file","invocations":1,"location":null,"numPassingAsserts":0,"retryReasons":[],"startAt":1772940650997,"status":"passed","title":"ZIP contains worker file"},{"ancestorTitles":["SEA Build Tests","ZIP archive contents"],"duration":0,"failing":false,"failureDetails":[],"failureMessages":[],"fullName":"SEA Build Tests ZIP archive contents ZIP contains ffmpeg binaries","invocations":1,"location":null,"numPassingAsserts":0,"retryReasons":[],"startAt":1772940650997,"status":"passed","title":"ZIP contains ffmpeg binaries"},{"ancestorTitles":["SEA Build Tests","ZIP archive contents"],"duration":0,"failing":false,"failureDetails":[],"failureMessages":[],"fullName":"SEA Build Tests ZIP archive contents ZIP contains documentation","invocations":1,"location":null,"numPassingAsserts":0,"retryReasons":[],"startAt":1772940650998,"status":"passed","title":"ZIP contains documentation"},{"ancestorTitles":["SEA Build Tests","ZIP archive contents"],"duration":0,"failing":false,"failureDetails":[],"failureMessages":[],"fullName":"SEA Build Tests ZIP archive contents ZIP contains context menu scripts","invocations":1,"location":null,"numPassingAsserts":0,"retryReasons":[],"startAt":1772940650998,"status":"passed","title":"ZIP contains context menu scripts"},{"ancestorTitles":["SEA Build Tests","7z archive contents (if exists)"],"duration":0,"failing":false,"failureDetails":[],"failureMessages":[],"fullName":"SEA Build Tests 7z archive contents (if exists) 7z contains executable with .exe extension (if archive exists)","invocations":1,"location":null,"numPassingAsserts":0,"retryReasons":[],"startAt":1772940650998,"status":"passed","title":"7z contains executable with .exe extension (if archive exists)"},{"ancestorTitles":["SEA Build Tests","Checksum verification"],"duration":0,"failing":false,"failureDetails":[],"failureMessages":[],"fullName":"SEA Build Tests Checksum verification ZIP checksum matches file content","invocations":1,"location":null,"numPassingAsserts":0,"retryReasons":[],"startAt":1772940650999,"status":"passed","title":"ZIP checksum matches file content"},{"ancestorTitles":["SEA Build Tests","Update manifest"],"duration":0,"failing":false,"failureDetails":[],"failureMessages":[],"fullName":"SEA Build Tests Update manifest update.json has correct structure","invocations":1,"location":null,"numPassingAsserts":0,"retryReasons":[],"startAt":1772940650999,"status":"passed","title":"update.json has correct structure"},{"ancestorTitles":["Smoke Test Cleanup"],"duration":0,"failing":false,"failureDetails":[],"failureMessages":[],"fullName":"Smoke Test Cleanup smokeTest.mjs should clean up smoke-temp directory","invocations":1,"location":null,"numPassingAsserts":1,"retryReasons":[],"startAt":1772940651000,"status":"passed","title":"smokeTest.mjs should clean up smoke-temp directory"}],"endTime":1772940651013,"message":"\u001b[1m\u001b[31m  \u001b[1m● \u001b[22m\u001b[1mSEA Build Tests › Intermediate file cleanup › staging directory (package/) should not exist after build\u001b[39m\u001b[22m\n\n    \u001b[2mexpect(\u001b[22m\u001b[31mreceived\u001b[39m\u001b[2m).\u001b[22mtoBe\u001b[2m(\u001b[22m\u001b[32mexpected\u001b[39m\u001b[2m) // Object.is equality\u001b[22m\n\n    Expected: \u001b[32mfalse\u001b[39m\n    Received: \u001b[31mtrue\u001b[39m\n\u001b[2m\u001b[22m\n\u001b[2m    \u001b[0m \u001b[90m 261 |\u001b[39m     test(\u001b[32m'staging directory (package/) should not exist after build'\u001b[39m\u001b[33m,\u001b[39m () \u001b[33m=>\u001b[39m {\u001b[22m\n\u001b[2m     \u001b[90m 262 |\u001b[39m       \u001b[36mconst\u001b[39m stagePath \u001b[33m=\u001b[39m join(\u001b[33mRELEASE_DIR\u001b[39m\u001b[33m,\u001b[39m \u001b[32m'package'\u001b[39m)\u001b[33m;\u001b[39m\u001b[22m\n\u001b[2m    \u001b[31m\u001b[1m>\u001b[22m\u001b[2m\u001b[39m\u001b[90m 263 |\u001b[39m       expect(existsSync(stagePath))\u001b[33m.\u001b[39mtoBe(\u001b[36mfalse\u001b[39m)\u001b[33m;\u001b[39m\u001b[22m\n\u001b[2m     \u001b[90m     |\u001b[39m                                     \u001b[31m\u001b[1m^\u001b[22m\u001b[2m\u001b[39m\u001b[22m\n\u001b[2m     \u001b[90m 264 |\u001b[39m     })\u001b[33m;\u001b[39m\u001b[22m\n\u001b[2m     \u001b[90m 265 |\u001b[39m\u001b[22m\n\u001b[2m     \u001b[90m 266 |\u001b[39m     test(\u001b[32m'app.bundle.cjs should not exist after build'\u001b[39m\u001b[33m,\u001b[39m () \u001b[33m=>\u001b[39m {\u001b[0m\u001b[22m\n\u001b[2m\u001b[22m\n\u001b[2m      \u001b[2mat Object.<anonymous> (\u001b[22m\u001b[2m\u001b[0m\u001b[36msrc/__tests__/seaBuild.test.ts\u001b[39m\u001b[0m\u001b[2m:263:37)\u001b[22m\u001b[2m\u001b[22m\n\n\u001b[1m\u001b[31m  \u001b[1m● \u001b[22m\u001b[1mSEA Build Tests › Intermediate file cleanup › app.bundle.cjs should not exist after build\u001b[39m\u001b[22m\n\n    \u001b[2mexpect(\u001b[22m\u001b[31mreceived\u001b[39m\u001b[2m).\u001b[22mtoBe\u001b[2m(\u001b[22m\u001b[32mexpected\u001b[39m\u001b[2m) // Object.is equality\u001b[22m\n\n    Expected: \u001b[32mfalse\u001b[39m\n    Received: \u001b[31mtrue\u001b[39m\n\u001b[2m\u001b[22m\n\u001b[2m    \u001b[0m \u001b[90m 266 |\u001b[39m     test(\u001b[32m'app.bundle.cjs should not exist after build'\u001b[39m\u001b[33m,\u001b[39m () \u001b[33m=>\u001b[39m {\u001b[22m\n\u001b[2m     \u001b[90m 267 |\u001b[39m       \u001b[36mconst\u001b[39m bundlePath \u001b[33m=\u001b[39m join(\u001b[33mRELEASE_DIR\u001b[39m\u001b[33m,\u001b[39m \u001b[32m'app.bundle.cjs'\u001b[39m)\u001b[33m;\u001b[39m\u001b[22m\n\u001b[2m    \u001b[31m\u001b[1m>\u001b[22m\u001b[2m\u001b[39m\u001b[90m 268 |\u001b[39m       expect(existsSync(bundlePath))\u001b[33m.\u001b[39mtoBe(\u001b[36mfalse\u001b[39m)\u001b[33m;\u001b[39m\u001b[22m\n\u001b[2m     \u001b[90m     |\u001b[39m                                      \u001b[31m\u001b[1m^\u001b[22m\u001b[2m\u001b[39m\u001b[22m\n\u001b[2m     \u001b[90m 269 |\u001b[39m     })\u001b[33m;\u001b[39m\u001b[22m\n\u001b[2m     \u001b[90m 270 |\u001b[39m\u001b[22m\n\u001b[2m     \u001b[90m 271 |\u001b[39m     test(\u001b[32m'sea-prep.blob should not exist after build'\u001b[39m\u001b[33m,\u001b[39m () \u001b[33m=>\u001b[39m {\u001b[0m\u001b[22m\n\u001b[2m\u001b[22m\n\u001b[2m      \u001b[2mat Object.<anonymous> (\u001b[22m\u001b[2m\u001b[0m\u001b[36msrc/__tests__/seaBuild.test.ts\u001b[39m\u001b[0m\u001b[2m:268:38)\u001b[22m\u001b[2m\u001b[22m\n","name":"C:\\Users\\Darren\\Ez-Game-Audio-Conversion\\src\\__tests__\\seaBuild.test.ts","startTime":1772940650517,"status":"failed","summary":""},{"assertionResults":[{"ancestorTitles":["ffmpeg argument building - Integration Tests","basic format conversions"],"duration":3,"failing":false,"failureDetails":[],"failureMessages":[],"fullName":"ffmpeg argument building - Integration Tests basic format conversions should build correct args for MP3 conversion","invocations":1,"location":null,"numPassingAsserts":10,"retryReasons":[],"startAt":1772940651178,"status":"passed","title":"should build correct args for MP3 conversion"},{"ancestorTitles":["ffmpeg argument building - Integration Tests","basic format conversions"],"duration":12,"failing":false,"failureDetails":[],"failureMessages":[],"fullName":"ffmpeg argument building - Integration Tests basic format conversions should build correct args for OGG Vorbis conversion","invocations":1,"location":null,"numPassingAsserts":4,"retryReasons":[],"startAt":1772940651181,"status":"passed","title":"should build correct args for OGG Vorbis conversion"},{"ancestorTitles":["ffmpeg argument building - Integration Tests","basic format conversions"],"duration":16,"failing":false,"failureDetails":[],"failureMessages":[],"fullName":"ffmpeg argument building - Integration Tests basic format conversions should build correct args for OGG Opus conversion","invocations":1,"location":null,"numPassingAsserts":4,"retryReasons":[],"startAt":1772940651193,"status":"passed","title":"should build correct args for OGG Opus conversion"},{"ancestorTitles":["ffmpeg argument building - Integration Tests","basic format conversions"],"duration":15,"failing":false,"failureDetails":[],"failureMessages":[],"fullName":"ffmpeg argument building - Integration Tests basic format conversions should build correct args for WAV conversion","invocations":1,"location":null,"numPassingAsserts":2,"retryReasons":[],"startAt":1772940651209,"status":"passed","title":"should build correct args for WAV conversion"},{"ancestorTitles":["ffmpeg argument building - Integration Tests","basic format conversions"],"duration":15,"failing":false,"failureDetails":[],"failureMessages":[],"fullName":"ffmpeg argument building - Integration Tests basic format conversions should build correct args for M4A/AAC conversion","invocations":1,"location":null,"numPassingAsserts":4,"retryReasons":[],"startAt":1772940651225,"status":"passed","title":"should build correct args for M4A/AAC conversion"},{"ancestorTitles":["ffmpeg argument building - Integration Tests","basic format conversions"],"duration":16,"failing":false,"failureDetails":[],"failureMessages":[],"fullName":"ffmpeg argument building - Integration Tests basic format conversions should build correct args for FLAC conversion","invocations":1,"location":null,"numPassingAsserts":4,"retryReasons":[],"startAt":1772940651240,"status":"passed","title":"should build correct args for FLAC conversion"},{"ancestorTitles":["ffmpeg argument building - Integration Tests","basic format conversions"],"duration":15,"failing":false,"failureDetails":[],"failureMessages":[],"fullName":"ffmpeg argument building - Integration Tests basic format conversions should build correct args for AIFF conversion","invocations":1,"location":null,"numPassingAsserts":4,"retryReasons":[],"startAt":1772940651256,"status":"passed","title":"should build correct args for AIFF conversion"},{"ancestorTitles":["ffmpeg argument building - Integration Tests","argument ordering"],"duration":16,"failing":false,"failureDetails":[],"failureMessages":[],"fullName":"ffmpeg argument building - Integration Tests argument ordering should put input before output","invocations":1,"location":null,"numPassingAsserts":3,"retryReasons":[],"startAt":1772940651271,"status":"passed","title":"should put input before output"},{"ancestorTitles":["ffmpeg argument building - Integration Tests","argument ordering"],"duration":15,"failing":false,"failureDetails":[],"failureMessages":[],"fullName":"ffmpeg argument building - Integration Tests argument ordering should have -i flag before input file","invocations":1,"location":null,"numPassingAsserts":1,"retryReasons":[],"startAt":1772940651288,"status":"passed","title":"should have -i flag before input file"},{"ancestorTitles":["ffmpeg argument building - Integration Tests","argument ordering"],"duration":14,"failing":false,"failureDetails":[],"failureMessages":[],"fullName":"ffmpeg argument building - Integration Tests argument ordering should have output file as last argument","invocations":1,"location":null,"numPassingAsserts":1,"retryReasons":[],"startAt":1772940651304,"status":"passed","title":"should have output file as last argument"},{"ancestorTitles":["ffmpeg argument building - Integration Tests","metadata preservation"],"duration":15,"failing":false,"failureDetails":[],"failureMessages":[],"fullName":"ffmpeg argument building - Integration Tests metadata preservation should strip metadata by default (map_metadata -1)","invocations":1,"location":null,"numPassingAsserts":2,"retryReasons":[],"startAt":1772940651318,"status":"passed","title":"should strip metadata by default (map_metadata -1)"},{"ancestorTitles":["ffmpeg argument building - Integration Tests","metadata preservation"],"duration":16,"failing":false,"failureDetails":[],"failureMessages":[],"fullName":"ffmpeg argument building - Integration Tests metadata preservation should NOT strip metadata for AIFF (preserveMetadata=true)","invocations":1,"location":null,"numPassingAsserts":0,"retryReasons":[],"startAt":1772940651333,"status":"passed","title":"should NOT strip metadata for AIFF (preserveMetadata=true)"},{"ancestorTitles":["ffmpeg argument building - Integration Tests","metadata preservation"],"duration":15,"failing":false,"failureDetails":[],"failureMessages":[],"fullName":"ffmpeg argument building - Integration Tests metadata preservation should include channel specification (-ac)","invocations":1,"location":null,"numPassingAsserts":2,"retryReasons":[],"startAt":1772940651350,"status":"passed","title":"should include channel specification (-ac)"},{"ancestorTitles":["ffmpeg argument building - Integration Tests","file path handling"],"duration":15,"failing":false,"failureDetails":[],"failureMessages":[],"fullName":"ffmpeg argument building - Integration Tests file path handling should pass input file path without modification","invocations":1,"location":null,"numPassingAsserts":1,"retryReasons":[],"startAt":1772940651366,"status":"passed","title":"should pass input file path without modification"},{"ancestorTitles":["ffmpeg argument building - Integration Tests","file path handling"],"duration":15,"failing":false,"failureDetails":[],"failureMessages":[],"fullName":"ffmpeg argument building - Integration Tests file path handling should pass output file path without modification","invocations":1,"location":null,"numPassingAsserts":1,"retryReasons":[],"startAt":1772940651381,"status":"passed","title":"should pass output file path without modification"},{"ancestorTitles":["ffmpeg argument building - Integration Tests","file path handling"],"duration":16,"failing":false,"failureDetails":[],"failureMessages":[],"fullName":"ffmpeg argument building - Integration Tests file path handling should handle Unicode paths","invocations":1,"location":null,"numPassingAsserts":2,"retryReasons":[],"startAt":1772940651396,"status":"passed","title":"should handle Unicode paths"},{"ancestorTitles":["ffmpeg argument building - Integration Tests","loop data handling"],"duration":15,"failing":false,"failureDetails":[],"failureMessages":[],"fullName":"ffmpeg argument building - Integration Tests loop data handling should skip loop data when mode is \"skip\"","invocations":1,"location":null,"numPassingAsserts":2,"retryReasons":[],"startAt":1772940651412,"status":"passed","title":"should skip loop data when mode is \"skip\""},{"ancestorTitles":["ffmpeg argument building - Integration Tests","loop data handling"],"duration":15,"failing":false,"failureDetails":[],"failureMessages":[],"fullName":"ffmpeg argument building - Integration Tests loop data handling should skip loop data for WAV format (unsupported)","invocations":1,"location":null,"numPassingAsserts":1,"retryReasons":[],"startAt":1772940651427,"status":"passed","title":"should skip loop data for WAV format (unsupported)"},{"ancestorTitles":["ffmpeg argument building - Integration Tests","loop data handling"],"duration":15,"failing":false,"failureDetails":[],"failureMessages":[],"fullName":"ffmpeg argument building - Integration Tests loop data handling should skip loop data for M4A format (unsupported)","invocations":1,"location":null,"numPassingAsserts":1,"retryReasons":[],"startAt":1772940651442,"status":"passed","title":"should skip loop data for M4A format (unsupported)"},{"ancestorTitles":["ffmpeg argument building - Integration Tests","validation errors"],"duration":9,"failing":false,"failureDetails":[],"failureMessages":[],"fullName":"ffmpeg argument building - Integration Tests validation errors should reject paths with quotes","invocations":1,"location":null,"numPassingAsserts":1,"retryReasons":[],"startAt":1772940651457,"status":"passed","title":"should reject paths with quotes"},{"ancestorTitles":["ffmpeg argument building - Integration Tests","validation errors"],"duration":0,"failing":false,"failureDetails":[],"failureMessages":[],"fullName":"ffmpeg argument building - Integration Tests validation errors should reject paths with newlines","invocations":1,"location":null,"numPassingAsserts":1,"retryReasons":[],"startAt":1772940651467,"status":"passed","title":"should reject paths with newlines"},{"ancestorTitles":["ffmpeg argument building - Integration Tests","validation errors"],"duration":1,"failing":false,"failureDetails":[],"failureMessages":[],"fullName":"ffmpeg argument building - Integration Tests validation errors should reject missing input file","invocations":1,"location":null,"numPassingAsserts":1,"retryReasons":[],"startAt":1772940651467,"status":"passed","title":"should reject missing input file"},{"ancestorTitles":["ffmpeg argument building - Integration Tests","validation errors"],"duration":0,"failing":false,"failureDetails":[],"failureMessages":[],"fullName":"ffmpeg argument building - Integration Tests validation errors should reject missing output file","invocations":1,"location":null,"numPassingAsserts":1,"retryReasons":[],"startAt":1772940651468,"status":"passed","title":"should reject missing output file"},{"ancestorTitles":["ffmpeg argument building - Integration Tests","loglevel setting"],"duration":1,"failing":false,"failureDetails":[],"failureMessages":[],"fullName":"ffmpeg argument building - Integration Tests loglevel setting should always start with -loglevel error","invocations":1,"location":null,"numPassingAsserts":2,"retryReasons":[],"startAt":1772940651468,"status":"passed","title":"should always start with -loglevel error"},{"ancestorTitles":["codec selection validation"],"duration":4,"failing":false,"failureDetails":[],"failureMessages":[],"fullName":"codec selection validation should use vorbis codec for ogg when oggCodec=vorbis","invocations":1,"location":null,"numPassingAsserts":2,"retryReasons":[],"startAt":1772940651469,"status":"passed","title":"should use vorbis codec for ogg when oggCodec=vorbis"},{"ancestorTitles":["codec selection validation"],"duration":15,"failing":false,"failureDetails":[],"failureMessages":[],"fullName":"codec selection validation should use opus codec for ogg when oggCodec=opus","invocations":1,"location":null,"numPassingAsserts":2,"retryReasons":[],"startAt":1772940651473,"status":"passed","title":"should use opus codec for ogg when oggCodec=opus"}],"endTime":1772940651489,"message":"","name":"C:\\Users\\Darren\\Ez-Game-Audio-Conversion\\src\\__tests__\\ffmpegArgs.integration.test.ts","startTime":1772940651034,"status":"passed","summary":""},{"assertionResults":[{"ancestorTitles":["converterWorker.js"],"duration":6,"failing":false,"failureDetails":[],"failureMessages":[],"fullName":"converterWorker.js handles missing input file error","invocations":1,"location":null,"numPassingAsserts":1,"retryReasons":[],"startAt":1772940651551,"status":"passed","title":"handles missing input file error"},{"ancestorTitles":["converterWorker.js"],"duration":null,"failing":false,"failureDetails":[],"failureMessages":[],"fullName":"converterWorker.js throws if ffmpeg.exe is not found","invocations":1,"location":null,"numPassingAsserts":0,"retryReasons":[],"startAt":1772940651557,"status":"pending","title":"throws if ffmpeg.exe is not found"},{"ancestorTitles":["converterWorker.js","Unicode path validation"],"duration":2,"failing":false,"failureDetails":[],"failureMessages":[],"fullName":"converterWorker.js Unicode path validation allows Unicode characters in output path (German umlauts)","invocations":1,"location":null,"numPassingAsserts":1,"retryReasons":[],"startAt":1772940651557,"status":"passed","title":"allows Unicode characters in output path (German umlauts)"},{"ancestorTitles":["converterWorker.js","Unicode path validation"],"duration":1,"failing":false,"failureDetails":[],"failureMessages":[],"fullName":"converterWorker.js Unicode path validation allows Chinese characters in output path","invocations":1,"location":null,"numPassingAsserts":1,"retryReasons":[],"startAt":1772940651560,"status":"passed","title":"allows Chinese characters in output path"},{"ancestorTitles":["converterWorker.js","Unicode path validation"],"duration":1,"failing":false,"failureDetails":[],"failureMessages":[],"fullName":"converterWorker.js Unicode path validation allows Japanese characters in output path","invocations":1,"location":null,"numPassingAsserts":1,"retryReasons":[],"startAt":1772940651561,"status":"passed","title":"allows Japanese characters in output path"},{"ancestorTitles":["converterWorker.js","Unicode path validation"],"duration":1,"failing":false,"failureDetails":[],"failureMessages":[],"fullName":"converterWorker.js Unicode path validation allows Arabic characters in output path","invocations":1,"location":null,"numPassingAsserts":1,"retryReasons":[],"startAt":1772940651562,"status":"passed","title":"allows Arabic characters in output path"},{"ancestorTitles":["converterWorker.js","Unicode path validation"],"duration":1,"failing":false,"failureDetails":[],"failureMessages":[],"fullName":"converterWorker.js Unicode path validation allows mixed Unicode scripts in output path","invocations":1,"location":null,"numPassingAsserts":1,"retryReasons":[],"startAt":1772940651563,"status":"passed","title":"allows mixed Unicode scripts in output path"},{"ancestorTitles":["converterWorker.js","Unicode path validation"],"duration":3,"failing":false,"failureDetails":[],"failureMessages":[],"fullName":"converterWorker.js Unicode path validation allows accented European characters in output path","invocations":1,"location":null,"numPassingAsserts":1,"retryReasons":[],"startAt":1772940651564,"status":"passed","title":"allows accented European characters in output path"},{"ancestorTitles":["converterWorker.js","Unicode path validation"],"duration":2,"failing":false,"failureDetails":[],"failureMessages":[],"fullName":"converterWorker.js Unicode path validation rejects Windows-invalid characters in output path","invocations":1,"location":null,"numPassingAsserts":6,"retryReasons":[],"startAt":1772940651567,"status":"passed","title":"rejects Windows-invalid characters in output path"},{"ancestorTitles":["converterWorker.js","Unicode path validation"],"duration":0,"failing":false,"failureDetails":[],"failureMessages":[],"fullName":"converterWorker.js Unicode path validation rejects control characters in output path","invocations":1,"location":null,"numPassingAsserts":2,"retryReasons":[],"startAt":1772940651569,"status":"passed","title":"rejects control characters in output path"},{"ancestorTitles":["converterWorker.js"],"duration":12,"failing":false,"failureDetails":[],"failureMessages":[],"fullName":"converterWorker.js successfully runs the conversion","invocations":1,"location":null,"numPassingAsserts":1,"retryReasons":[],"startAt":1772940651569,"status":"passed","title":"successfully runs the conversion"},{"ancestorTitles":["converterWorker.js"],"duration":16,"failing":false,"failureDetails":[],"failureMessages":[],"fullName":"converterWorker.js passes opus sample rate + loop points into ffmpeg args","invocations":1,"location":null,"numPassingAsserts":7,"retryReasons":[],"startAt":1772940651581,"status":"passed","title":"passes opus sample rate + loop points into ffmpeg args"},{"ancestorTitles":["converterWorker.js"],"duration":0,"failing":false,"failureDetails":[],"failureMessages":[],"fullName":"converterWorker.js handles directory creation error gracefully","invocations":1,"location":null,"numPassingAsserts":3,"retryReasons":[],"startAt":1772940651597,"status":"passed","title":"handles directory creation error gracefully"},{"ancestorTitles":["converterWorker.js"],"duration":null,"failing":false,"failureDetails":[],"failureMessages":[],"fullName":"converterWorker.js handles runFFMPEG failures","invocations":1,"location":null,"numPassingAsserts":0,"retryReasons":[],"startAt":1772940651598,"status":"pending","title":"handles runFFMPEG failures"},{"ancestorTitles":["converterWorker.js"],"duration":14,"failing":false,"failureDetails":[],"failureMessages":[],"fullName":"converterWorker.js skips loop points for unsupported formats (WAV and M4A)","invocations":1,"location":null,"numPassingAsserts":2,"retryReasons":[],"startAt":1772940651598,"status":"passed","title":"skips loop points for unsupported formats (WAV and M4A)"}],"endTime":1772940651612,"message":"","name":"C:\\Users\\Darren\\Ez-Game-Audio-Conversion\\src\\__tests__\\converterWorker.test.js","startTime":1772940651492,"status":"focused","summary":""},{"assertionResults":[{"ancestorTitles":["converterWorker.js"],"duration":9,"failing":false,"failureDetails":[],"failureMessages":[],"fullName":"converterWorker.js handles missing input file error","invocations":1,"location":null,"numPassingAsserts":1,"retryReasons":[],"startAt":1772940651689,"status":"passed","title":"handles missing input file error"},{"ancestorTitles":["converterWorker.js"],"duration":1,"failing":false,"failureDetails":[],"failureMessages":[],"fullName":"converterWorker.js handles missing output file error","invocations":1,"location":null,"numPassingAsserts":1,"retryReasons":[],"startAt":1772940651699,"status":"passed","title":"handles missing output file error"},{"ancestorTitles":["converterWorker.js"],"duration":null,"failing":false,"failureDetails":[],"failureMessages":[],"fullNa
[...]
1772940653108,"status":"passed","title":"calls rl.question and returns true by default"},{"ancestorTitles":["finalize"],"duration":0,"failing":false,"failureDetails":[],"failureMessages":[],"fullName":"finalize returns false and closes rl when user chooses quit","invocations":1,"location":null,"numPassingAsserts":2,"retryReasons":[],"startAt":1772940653111,"status":"passed","title":"returns false and closes rl when user chooses quit"},{"ancestorTitles":["finalize"],"duration":0,"failing":false,"failureDetails":[],"failureMessages":[],"fullName":"finalize handles undefined arguments gracefully","invocations":1,"location":null,"numPassingAsserts":1,"retryReasons":[],"startAt":1772940653112,"status":"passed","title":"handles undefined arguments gracefully"},{"ancestorTitles":["finalize"],"duration":1,"failing":false,"failureDetails":[],"failureMessages":[],"fullName":"finalize calls writeSummaryToLogs with correct arguments","invocations":1,"location":null,"numPassingAsserts":1,"retryReasons":[],"startAt":1772940653112,"status":"passed","title":"calls writeSummaryToLogs with correct arguments"},{"ancestorTitles":["finalize"],"duration":0,"failing":false,"failureDetails":[],"failureMessages":[],"fullName":"finalize calls writeSummaryToLogs even with empty arrays","invocations":1,"location":null,"numPassingAsserts":1,"retryReasons":[],"startAt":1772940653114,"status":"passed","title":"calls writeSummaryToLogs even with empty arrays"}],"endTime":1772940653115,"message":"","name":"C:\\Users\\Darren\\Ez-Game-Audio-Conversion\\src\\__tests__\\finalize.test.ts","startTime":1772940653033,"status":"passed","summary":""},{"assertionResults":[{"ancestorTitles":["converterManager worker path resolution"],"duration":7,"failing":false,"failureDetails":[],"failureMessages":[],"fullName":"converterManager worker path resolution dev + linux paths: prefers runtimeBaseDir/dist worker","invocations":1,"location":null,"numPassingAsserts":1,"retryReasons":[],"startAt":1772940653181,"status":"passed","title":"dev + linux paths: prefers runtimeBaseDir/dist worker"},{"ancestorTitles":["converterManager worker path resolution"],"duration":2,"failing":false,"failureDetails":[],"failureMessages":[],"fullName":"converterManager worker path resolution dev + windows paths: falls back to cwd dist worker","invocations":1,"location":null,"numPassingAsserts":1,"retryReasons":[],"startAt":1772940653189,"status":"passed","title":"dev + windows paths: falls back to cwd dist worker"},{"ancestorTitles":["converterManager worker path resolution"],"duration":1,"failing":false,"failureDetails":[],"failureMessages":[],"fullName":"converterManager worker path resolution prod(packaged) + linux paths: prefers runtimeBaseDir/dist worker","invocations":1,"location":null,"numPassingAsserts":1,"retryReasons":[],"startAt":1772940653191,"status":"passed","title":"prod(packaged) + linux paths: prefers runtimeBaseDir/dist worker"},{"ancestorTitles":["converterManager worker path resolution"],"duration":1,"failing":false,"failureDetails":[],"failureMessages":[],"fullName":"converterManager worker path resolution prod(packaged) + windows paths: prefers runtimeBaseDir/dist worker","invocations":1,"location":null,"numPassingAsserts":1,"retryReasons":[],"startAt":1772940653193,"status":"passed","title":"prod(packaged) + windows paths: prefers runtimeBaseDir/dist worker"},{"ancestorTitles":["converterManager worker path resolution"],"duration":2,"failing":false,"failureDetails":[],"failureMessages":[],"fullName":"converterManager worker path resolution throws a helpful error when no worker candidate exists","invocations":1,"location":null,"numPassingAsserts":1,"retryReasons":[],"startAt":1772940653194,"status":"passed","title":"throws a helpful error when no worker candidate exists"}],"endTime":1772940653197,"message":"","name":"C:\\Users\\Darren\\Ez-Game-Audio-Conversion\\src\\__tests__\\converterManager.paths.test.ts","startTime":1772940653121,"status":"passed","summary":""},{"assertionResults":[{"ancestorTitles":["metadataService ffprobe path resolution"],"duration":2,"failing":false,"failureDetails":[],"failureMessages":[],"fullName":"metadataService ffprobe path resolution uses ffprobe.exe on windows from runtimeBaseDir","invocations":1,"location":null,"numPassingAsserts":2,"retryReasons":[],"startAt":1772940653258,"status":"passed","title":"uses ffprobe.exe on windows from runtimeBaseDir"},{"ancestorTitles":["metadataService ffprobe path resolution"],"duration":2,"failing":false,"failureDetails":[],"failureMessages":[],"fullName":"metadataService ffprobe path resolution uses ffmpeg-bin/<platformSlug>/ffprobe on linux when present","invocations":1,"location":null,"numPassingAsserts":2,"retryReasons":[],"startAt":1772940653260,"status":"passed","title":"uses ffmpeg-bin/<platformSlug>/ffprobe on linux when present"},{"ancestorTitles":["metadataService ffprobe path resolution"],"duration":3,"failing":false,"failureDetails":[],"failureMessages":[],"fullName":"metadataService ffprobe path resolution returns null when no ffprobe candidates exist","invocations":1,"location":null,"numPassingAsserts":2,"retryReasons":[],"startAt":1772940653262,"status":"passed","title":"returns null when no ffprobe candidates exist"}],"endTime":1772940653266,"message":"","name":"C:\\Users\\Darren\\Ez-Game-Audio-Conversion\\src\\__tests__\\metadataService.paths.test.ts","startTime":1772940653199,"status":"passed","summary":""},{"assertionResults":[{"ancestorTitles":["metadataService","getMetaData"],"duration":2,"failing":false,"failureDetails":[],"failureMessages":[],"fullName":"metadataService getMetaData should extract metadata from a file using ffprobe","invocations":1,"location":null,"numPassingAsserts":2,"retryReasons":[],"startAt":1772940653334,"status":"passed","title":"should extract metadata from a file using ffprobe"},{"ancestorTitles":["metadataService","getMetaData"],"duration":0,"failing":false,"failureDetails":[],"failureMessages":[],"fullName":"metadataService getMetaData should handle errors gracefully","invocations":1,"location":null,"numPassingAsserts":2,"retryReasons":[],"startAt":1772940653337,"status":"passed","title":"should handle errors gracefully"},{"ancestorTitles":["metadataService","getMetaData"],"duration":null,"failing":false,"failureDetails":[],"failureMessages":[],"fullName":"metadataService getMetaData should handle file not found errors","invocations":1,"location":null,"numPassingAsserts":0,"retryReasons":[],"startAt":1772940653337,"status":"pending","title":"should handle file not found errors"},{"ancestorTitles":["metadataService","getMetaData"],"duration":1,"failing":false,"failureDetails":[],"failureMessages":[],"fullName":"metadataService getMetaData should handle malformed JSON response","invocations":1,"location":null,"numPassingAsserts":2,"retryReasons":[],"startAt":1772940653337,"status":"passed","title":"should handle malformed JSON response"},{"ancestorTitles":["metadataService","getLoopPoints"],"duration":0,"failing":false,"failureDetails":[],"failureMessages":[],"fullName":"metadataService getLoopPoints should extract loop points from metadata format tags","invocations":1,"location":null,"numPassingAsserts":2,"retryReasons":[],"startAt":1772940653338,"status":"passed","title":"should extract loop points from metadata format tags"},{"ancestorTitles":["metadataService","getLoopPoints"],"duration":0,"failing":false,"failureDetails":[],"failureMessages":[],"fullName":"metadataService getLoopPoints should extract loop points from metadata stream tags","invocations":1,"location":null,"numPassingAsserts":2,"retryReasons":[],"startAt":1772940653339,"status":"passed","title":"should extract loop points from metadata stream tags"},{"ancestorTitles":["metadataService","getLoopPoints"],"duration":0,"failing":false,"failureDetails":[],"failureMessages":[],"fullName":"metadataService getLoopPoints should handle alternative tag formats","invocations":1,"location":null,"numPassingAsserts":2,"retryReasons":[],"startAt":1772940653339,"status":"passed","title":"should handle alternative tag formats"},{"ancestorTitles":["metadataService","getLoopPoints"],"duration":1,"failing":false,"failureDetails":[],"failureMessages":[],"fullName":"metadataService getLoopPoints should handle iTunes metadata tags","invocations":1,"location":null,"numPassingAsserts":2,"retryReasons":[],"startAt":1772940653339,"status":"passed","title":"should handle iTunes metadata tags"},{"ancestorTitles":["metadataService","getLoopPoints"],"duration":0,"failing":false,"failureDetails":[],"failureMessages":[],"fullName":"metadataService getLoopPoints should return null if loop points not found","invocations":1,"location":null,"numPassingAsserts":2,"retryReasons":[],"startAt":1772940653340,"status":"passed","title":"should return null if loop points not found"},{"ancestorTitles":["metadataService","convertLoopPoints"],"duration":1,"failing":false,"failureDetails":[],"failureMessages":[],"fullName":"metadataService convertLoopPoints should adjust loop points for opus format","invocations":1,"location":null,"numPassingAsserts":3,"retryReasons":[],"startAt":1772940653340,"status":"passed","title":"should adjust loop points for opus format"},{"ancestorTitles":["metadataService","convertLoopPoints"],"duration":0,"failing":false,"failureDetails":[],"failureMessages":[],"fullName":"metadataService convertLoopPoints should not adjust loop points for non-opus formats","invocations":1,"location":null,"numPassingAsserts":3,"retryReasons":[],"startAt":1772940653341,"status":"passed","title":"should not adjust loop points for non-opus formats"},{"ancestorTitles":["metadataService","convertLoopPoints"],"duration":1,"failing":false,"failureDetails":[],"failureMessages":[],"fullName":"metadataService convertLoopPoints should handle different sample rates correctly","invocations":1,"location":null,"numPassingAsserts":13,"retryReasons":[],"startAt":1772940653341,"status":"passed","title":"should handle different sample rates correctly"},{"ancestorTitles":["metadataService","formatLoopData"],"duration":0,"failing":false,"failureDetails":[],"failureMessages":[],"fullName":"metadataService formatLoopData should format loop data correctly","invocations":1,"location":null,"numPassingAsserts":5,"retryReasons":[],"startAt":1772940653342,"status":"passed","title":"should format loop data correctly"},{"ancestorTitles":["metadataService","formatLoopData"],"duration":0,"failing":false,"failureDetails":[],"failureMessages":[],"fullName":"metadataService formatLoopData should format loop data for OGG correctly","invocations":1,"location":null,"numPassingAsserts":5,"retryReasons":[],"startAt":1772940653343,"status":"passed","title":"should format loop data for OGG correctly"},{"ancestorTitles":["metadataService","formatLoopData"],"duration":0,"failing":false,"failureDetails":[],"failureMessages":[],"fullName":"metadataService formatLoopData should return empty array for invalid loop points","invocations":1,"location":null,"numPassingAsserts":3,"retryReasons":[],"startAt":1772940653343,"status":"passed","title":"should return empty array for invalid loop points"},{"ancestorTitles":["metadataService","formatMetaDataArgs replacement-character handling"],"duration":1,"failing":false,"failureDetails":[],"failureMessages":[],"fullName":"metadataService formatMetaDataArgs replacement-character handling removes replacement character glyphs and logs an error","invocations":1,"location":null,"numPassingAsserts":3,"retryReasons":[],"startAt":1772940653343,"status":"passed","title":"removes replacement character glyphs and logs an error"},{"ancestorTitles":["metadataService","formatMetaDataArgs replacement-character handling"],"duration":0,"failing":false,"failureDetails":[],"failureMessages":[],"fullName":"metadataService formatMetaDataArgs replacement-character handling skips a metadata field if cleanup leaves it empty and logs","invocations":1,"location":null,"numPassingAsserts":2,"retryReasons":[],"startAt":1772940653344,"status":"passed","title":"skips a metadata field if cleanup leaves it empty and logs"}],"endTime":1772940653345,"message":"","name":"C:\\Users\\Darren\\Ez-Game-Audio-Conversion\\src\\__tests__\\metadataService.test.ts","startTime":1772940653269,"status":"focused","summary":""},{"assertionResults":[{"ancestorTitles":["convertFiles"],"duration":2,"failing":false,"failureDetails":[],"failureMessages":[],"fullName":"convertFiles should process files successfully","invocations":1,"location":null,"numPassingAsserts":3,"retryReasons":[],"startAt":1772940653413,"status":"passed","title":"should process files successfully"},{"ancestorTitles":["convertFiles"],"duration":1,"failing":false,"failureDetails":[],"failureMessages":[],"fullName":"convertFiles should handle failed conversions (non-zero exit code)","invocations":1,"location":null,"numPassingAsserts":4,"retryReasons":[],"startAt":1772940653415,"status":"passed","title":"should handle failed conversions (non-zero exit code)"},{"ancestorTitles":["convertFiles"],"duration":1,"failing":false,"failureDetails":[],"failureMessages":[],"fullName":"convertFiles should handle worker errors","invocations":1,"location":null,"numPassingAsserts":1,"retryReasons":[],"startAt":1772940653416,"status":"passed","title":"should handle worker errors"},{"ancestorTitles":["convertFiles"],"duration":0,"failing":false,"failureDetails":[],"failureMessages":[],"fullName":"convertFiles should handle stderr messages from workers","invocations":1,"location":null,"numPassingAsserts":1,"retryReasons":[],"startAt":1772940653417,"status":"passed","title":"should handle stderr messages from workers"},{"ancestorTitles":["convertFiles"],"duration":0,"failing":false,"failureDetails":[],"failureMessages":[],"fullName":"convertFiles should detect disk space errors and exit the process","invocations":1,"location":null,"numPassingAsserts":1,"retryReasons":[],"startAt":1772940653418,"status":"passed","title":"should detect disk space errors and exit the process"},{"ancestorTitles":["convertFiles"],"duration":1,"failing":false,"failureDetails":[],"failureMessages":[],"fullName":"convertFiles should handle multiple workers and files properly","invocations":1,"location":null,"numPassingAsserts":3,"retryReasons":[],"startAt":1772940653418,"status":"passed","title":"should handle multiple workers and files properly"},{"ancestorTitles":["convertFiles"],"duration":0,"failing":false,"failureDetails":[],"failureMessages":[],"fullName":"convertFiles should handle CPU detection failure","invocations":1,"location":null,"numPassingAsserts":2,"retryReasons":[],"startAt":1772940653419,"status":"passed","title":"should handle CPU detection failure"},{"ancestorTitles":["convertFiles"],"duration":0,"failing":false,"failureDetails":[],"failureMessages":[],"fullName":"convertFiles should limit concurrent workers based on CPU count and file count","invocations":1,"location":null,"numPassingAsserts":1,"retryReasons":[],"startAt":1772940653420,"status":"passed","title":"should limit concurrent workers based on CPU count and file count"},{"ancestorTitles":["convertFiles"],"duration":0,"failing":false,"failureDetails":[],"failureMessages":[],"fullName":"convertFiles should properly handle worker creation errors","invocations":1,"location":null,"numPassingAsserts":1,"retryReasons":[],"startAt":1772940653420,"status":"passed","title":"should properly handle worker creation errors"},{"ancestorTitles":["convertFiles"],"duration":0,"failing":false,"failureDetails":[],"failureMessages":[],"fullName":"convertFiles should handle an empty file list","invocations":1,"location":null,"numPassingAsserts":2,"retryReasons":[],"startAt":1772940653421,"status":"passed","title":"should handle an empty file list"},{"ancestorTitles":["convertFiles"],"duration":0,"failing":false,"failureDetails":[],"failureMessages":[],"fullName":"convertFiles should handle file with missing properties gracefully","invocations":1,"location":null,"numPassingAsserts":1,"retryReasons":[],"startAt":1772940653421,"status":"passed","title":"should handle file with missing properties gracefully"},{"ancestorTitles":["convertFiles"],"duration":1,"failing":false,"failureDetails":[],"failureMessages":[],"fullName":"convertFiles should put all files in failedFiles if all workers fail","invocations":1,"location":null,"numPassingAsserts":2,"retryReasons":[],"startAt":1772940653421,"status":"passed","title":"should put all files in failedFiles if all workers fail"}],"endTime":1772940653422,"message":"","name":"C:\\Users\\Darren\\Ez-Game-Audio-Conversion\\src\\__tests__\\convertFiles.test.ts","startTime":1772940653348,"status":"passed","summary":""},{"assertionResults":[{"ancestorTitles":["getUserInput"],"duration":3,"failing":false,"failureDetails":[],"failureMessages":[],"fullName":"getUserInput handles valid input and output paths and formats","invocations":1,"location":null,"numPassingAsserts":4,"retryReasons":[],"startAt":1772940653504,"status":"passed","title":"handles valid input and output paths and formats"}],"endTime":1772940653508,"message":"","name":"C:\\Users\\Darren\\Ez-Game-Audio-Conversion\\src\\__tests__\\getUserInput.test.ts","startTime":1772940653430,"status":"passed","summary":""},{"assertionResults":[{"ancestorTitles":["ExitProgramError"],"duration":1,"failing":false,"failureDetails":[],"failureMessages":[],"fullName":"ExitProgramError sets default name and message","invocations":1,"location":null,"numPassingAsserts":3,"retryReasons":[],"startAt":1772940653566,"status":"passed","title":"sets default name and message"},{"ancestorTitles":["ExitProgramError"],"duration":0,"failing":false,"failureDetails":[],"failureMessages":[],"fullName":"ExitProgramError allows custom message","invocations":1,"location":null,"numPassingAsserts":1,"retryReasons":[],"startAt":1772940653568,"status":"passed","title":"allows custom message"}],"endTime":1772940653569,"message":"","name":"C:\\Users\\Darren\\Ez-Game-Audio-Conversion\\src\\__tests__\\exitProgramError.test.ts","startTime":1772940653511,"status":"passed","summary":""},{"assertionResults":[{"ancestorTitles":["Simple Integration Tests"],"duration":1,"failing":false,"failureDetails":[],"failureMessages":[],"fullName":"Simple Integration Tests should handle duplicate files correctly","invocations":1,"location":null,"numPassingAsserts":8,"retryReasons":[],"startAt":1772940653629,"status":"passed","title":"should handle duplicate files correctly"}],"endTime":1772940653631,"message":"","name":"C:\\Users\\Darren\\Ez-Game-Audio-Conversion\\src\\__tests__\\integration\\integration.test.ts","startTime":1772940653571,"status":"passed","summary":""},{"assertionResults":[{"ancestorTitles":["searchFiles"],"duration":2,"failing":false,"failureDetails":[],"failureMessages":[],"fullName":"searchFiles should find files with matching extensions","invocations":1,"location":null,"numPassingAsserts":5,"retryReasons":[],"startAt":1772940653705,"status":"passed","title":"should find files with matching extensions"},{"ancestorTitles":["searchFiles"],"duration":0,"failing":false,"failureDetails":[],"failureMessages":[],"fullName":"searchFiles should handle midi files with both .mid and .midi extensions","invocations":1,"location":null,"numPassingAsserts":4,"retryReasons":[],"startAt":1772940653707,"status":"passed","title":"should handle midi files with both .mid and .midi extensions"},{"ancestorTitles":["searchFiles"],"duration":0,"failing":false,"failureDetails":[],"failureMessages":[],"fullName":"searchFiles should return an empty array when no matching files are found","invocations":1,"location":null,"numPassingAsserts":1,"retryReasons":[],"startAt":1772940653708,"status":"passed","title":"should return an empty array when no matching files are found"}],"endTime":1772940653708,"message":"","name":"C:\\Users\\Darren\\Ez-Game-Audio-Conversion\\src\\__tests__\\searchFiles.test.ts","startTime":1772940653634,"status":"passed","summary":""}],"wasInterrupted":false}
