{"numFailedTestSuites":0,"numFailedTests":0,"numPassedTestSuites":26,"numPassedTests":448,"numPendingTestSuites":0,"numPendingTests":6,"numRuntimeErrorTestSuites":0,"numTodoTests":0,"numTotalTestSuites":26,"numTotalTests":454,"openHandles":[],"snapshot":{"added":0,"didUpdate":false,"failure":false,"filesAdded":0,"filesRemoved":0,"filesRemovedList":[],"filesUnmatched":0,"filesUpdated":0,"matched":0,"total":0,"unchecked":0,"uncheckedKeysByFile":[],"unmatched":0,"updated":0},"startTime":1769945012122,"success":true,"testResults":[{"assertionResults":[{"ancestorTitles":["Metadata Preservation E2E Tests","Input file generation"],"duration":137,"failing":false,"failureDetails":[],"failureMessages":[],"fullName":"Metadata Preservation E2E Tests Input file generation generates input file with Basic ASCII metadata","invocations":1,"location":null,"numPassingAsserts":3,"retryReasons":[],"startAt":1769945016178,"status":"passed","title":"generates input file with Basic ASCII metadata"},{"ancestorTitles":["Metadata Preservation E2E Tests","Input file generation"],"duration":127,"failing":false,"failureDetails":[],"failureMessages":[],"fullName":"Metadata Preservation E2E Tests Input file generation generates input file with Japanese characters","invocations":1,"location":null,"numPassingAsserts":3,"retryReasons":[],"startAt":1769945016315,"status":"passed","title":"generates input file with Japanese characters"},{"ancestorTitles":["Metadata Preservation E2E Tests","Input file generation"],"duration":112,"failing":false,"failureDetails":[],"failureMessages":[],"fullName":"Metadata Preservation E2E Tests Input file generation generates input file with Chinese characters","invocations":1,"location":null,"numPassingAsserts":3,"retryReasons":[],"startAt":1769945016442,"status":"passed","title":"generates input file with Chinese characters"},{"ancestorTitles":["Metadata Preservation E2E Tests","Input file generation"],"duration":117,"failing":false,"failureDetails":[],"failureMessages":[],"fullName":"Metadata Preservation E2E Tests Input file generation generates input file with Korean characters","invocations":1,"location":null,"numPassingAsserts":3,"retryReasons":[],"startAt":1769945016554,"status":"passed","title":"generates input file with Korean characters"},{"ancestorTitles":["Metadata Preservation E2E Tests","Input file generation"],"duration":167,"failing":false,"failureDetails":[],"failureMessages":[],"fullName":"Metadata Preservation E2E Tests Input file generation generates input file with Emoji in metadata","invocations":1,"location":null,"numPassingAsserts":3,"retryReasons":[],"startAt":1769945016671,"status":"passed","title":"generates input file with Emoji in metadata"},{"ancestorTitles":["Metadata Preservation E2E Tests","Input file generation"],"duration":132,"failing":false,"failureDetails":[],"failureMessages":[],"fullName":"Metadata Preservation E2E Tests Input file generation generates input file with Commas in metadata","invocations":1,"location":null,"numPassingAsserts":3,"retryReasons":[],"startAt":1769945016839,"status":"passed","title":"generates input file with Commas in metadata"},{"ancestorTitles":["Metadata Preservation E2E Tests","Input file generation"],"duration":135,"failing":false,"failureDetails":[],"failureMessages":[],"fullName":"Metadata Preservation E2E Tests Input file generation generates input file with Quotes in metadata","invocations":1,"location":null,"numPassingAsserts":3,"retryReasons":[],"startAt":1769945016971,"status":"passed","title":"generates input file with Quotes in metadata"},{"ancestorTitles":["Metadata Preservation E2E Tests","Input file generation"],"duration":118,"failing":false,"failureDetails":[],"failureMessages":[],"fullName":"Metadata Preservation E2E Tests Input file generation generates input file with Special characters","invocations":1,"location":null,"numPassingAsserts":3,"retryReasons":[],"startAt":1769945017106,"status":"passed","title":"generates input file with Special characters"},{"ancestorTitles":["Metadata Preservation E2E Tests","Input file generation"],"duration":134,"failing":false,"failureDetails":[],"failureMessages":[],"fullName":"Metadata Preservation E2E Tests Input file generation generates input file with Backslashes (Windows paths)","invocations":1,"location":null,"numPassingAsserts":3,"retryReasons":[],"startAt":1769945017224,"status":"passed","title":"generates input file with Backslashes (Windows paths)"},{"ancestorTitles":["Metadata Preservation E2E Tests","Input file generation"],"duration":107,"failing":false,"failureDetails":[],"failureMessages":[],"fullName":"Metadata Preservation E2E Tests Input file generation generates input file with Long metadata strings","invocations":1,"location":null,"numPassingAsserts":3,"retryReasons":[],"startAt":1769945017358,"status":"passed","title":"generates input file with Long metadata strings"},{"ancestorTitles":["Metadata Preservation E2E Tests","Input file generation"],"duration":120,"failing":false,"failureDetails":[],"failureMessages":[],"fullName":"Metadata Preservation E2E Tests Input file generation generates input file with Mixed Unicode scripts","invocations":1,"location":null,"numPassingAsserts":3,"retryReasons":[],"startAt":1769945017465,"status":"passed","title":"generates input file with Mixed Unicode scripts"},{"ancestorTitles":["Metadata Preservation E2E Tests","Conversion and metadata preservation"],"duration":247,"failing":false,"failureDetails":[],"failureMessages":[],"fullName":"Metadata Preservation E2E Tests Conversion and metadata preservation preserves Basic ASCII metadata when converting to mp3","invocations":1,"location":null,"numPassingAsserts":7,"retryReasons":[],"startAt":1769945017586,"status":"passed","title":"preserves Basic ASCII metadata when converting to mp3"},{"ancestorTitles":["Metadata Preservation E2E Tests","Conversion and metadata preservation"],"duration":204,"failing":false,"failureDetails":[],"failureMessages":[],"fullName":"Metadata Preservation E2E Tests Conversion and metadata preservation preserves Basic ASCII metadata when converting to ogg","invocations":1,"location":null,"numPassingAsserts":10,"retryReasons":[],"startAt":1769945017834,"status":"passed","title":"preserves Basic ASCII metadata when converting to ogg"},{"ancestorTitles":["Metadata Preservation E2E Tests","Conversion and metadata preservation"],"duration":218,"failing":false,"failureDetails":[],"failureMessages":[],"fullName":"Metadata Preservation E2E Tests Conversion and metadata preservation preserves Basic ASCII metadata when converting to flac","invocations":1,"location":null,"numPassingAsserts":10,"retryReasons":[],"startAt":1769945018038,"status":"passed","title":"preserves Basic ASCII metadata when converting to flac"},{"ancestorTitles":["Metadata Preservation E2E Tests","Conversion and metadata preservation"],"duration":251,"failing":false,"failureDetails":[],"failureMessages":[],"fullName":"Metadata Preservation E2E Tests Conversion and metadata preservation preserves Japanese characters when converting to mp3","invocations":1,"location":null,"numPassingAsserts":7,"retryReasons":[],"startAt":1769945018256,"status":"passed","title":"preserves Japanese characters when converting to mp3"},{"ancestorTitles":["Metadata Preservation E2E Tests","Conversion and metadata preservation"],"duration":221,"failing":false,"failureDetails":[],"failureMessages":[],"fullName":"Metadata Preservation E2E Tests Conversion and metadata preservation preserves Japanese characters when converting to ogg","invocations":1,"location":null,"numPassingAsserts":10,"retryReasons":[],"startAt":1769945018507,"status":"passed","title":"preserves Japanese characters when converting to ogg"},{"ancestorTitles":["Metadata Preservation E2E Tests","Conversion and metadata preservation"],"duration":223,"failing":false,"failureDetails":[],"failureMessages":[],"fullName":"Metadata Preservation E2E Tests Conversion and metadata preservation preserves Japanese characters when converting to flac","invocations":1,"location":null,"numPassingAsserts":10,"retryReasons":[],"startAt":1769945018728,"status":"passed","title":"preserves Japanese characters when converting to flac"},{"ancestorTitles":["Metadata Preservation E2E Tests","Conversion and metadata preservation"],"duration":222,"failing":false,"failureDetails":[],"failureMessages":[],"fullName":"Metadata Preservation E2E Tests Conversion and metadata preservation preserves Chinese characters when converting to mp3","invocations":1,"location":null,"numPassingAsserts":7,"retryReasons":[],"startAt":1769945018952,"status":"passed","title":"preserves Chinese characters when converting to mp3"},{"ancestorTitles":["Metadata Preservation E2E Tests","Conversion and metadata preservation"],"duration":197,"failing":false,"failureDetails":[],"failureMessages":[],"fullName":"Metadata Preservation E2E Tests Conversion and metadata preservation preserves Chinese characters when converting to ogg","invocations":1,"location":null,"numPassingAsserts":10,"retryReasons":[],"startAt":1769945019174,"status":"passed","title":"preserves Chinese characters when converting to ogg"},{"ancestorTitles":["Metadata Preservation E2E Tests","Conversion and metadata preservation"],"duration":165,"failing":false,"failureDetails":[],"failureMessages":[],"fullName":"Metadata Preservation E2E Tests Conversion and metadata preservation preserves Chinese characters when converting to flac","invocations":1,"location":null,"numPassingAsserts":10,"retryReasons":[],"startAt":1769945019371,"status":"passed","title":"preserves Chinese characters when converting to flac"},{"ancestorTitles":["Metadata Preservation E2E Tests","Conversion and metadata preservation"],"duration":227,"failing":false,"failureDetails":[],"failureMessages":[],"fullName":"Metadata Preservation E2E Tests Conversion and metadata preservation preserves Korean characters when converting to mp3","invocations":1,"location":null,"numPassingAsserts":7,"retryReasons":[],"startAt":1769945019537,"status":"passed","title":"preserves Korean characters when converting to mp3"},{"ancestorTitles":["Metadata Preservation E2E Tests","Conversion and metadata preservation"],"duration":263,"failing":false,"failureDetails":[],"failureMessages":[],"fullName":"Metadata Preservation E2E Tests Conversion and metadata preservation preserves Korean characters when converting to ogg","invocations":1,"location":null,"numPassingAsserts":10,"retryReasons":[],"startAt":1769945019764,"status":"passed","title":"preserves Korean characters when converting to ogg"},{"ancestorTitles":["Metadata Preservation E2E Tests","Conversion and metadata preservation"],"duration":178,"failing":false,"failureDetails":[],"failureMessages":[],"fullName":"Metadata Preservation E2E Tests Conversion and metadata preservation preserves Korean characters when converting to flac","invocations":1,"location":null,"numPassingAsserts":10,"retryReasons":[],"startAt":1769945020027,"status":"passed","title":"preserves Korean characters when converting to flac"},{"ancestorTitles":["Metadata Preservation E2E Tests","Conversion and metadata preservation"],"duration":188,"failing":false,"failureDetails":[],"failureMessages":[],"fullName":"Metadata Preservation E2E Tests Conversion and metadata preservation preserves Emoji in metadata when converting to mp3","invocations":1,"location":null,"numPassingAsserts":7,"retryReasons":[],"startAt":1769945020205,"status":"passed","title":"preserves Emoji in metadata when converting to mp3"},{"ancestorTitles":["Metadata Preservation E2E Tests","Conversion and metadata preservation"],"duration":188,"failing":false,"failureDetails":[],"failureMessages":[],"fullName":"Metadata Preservation E2E Tests Conversion and metadata preservation preserves Emoji in metadata when converting to ogg","invocations":1,"location":null,"numPassingAsserts":10,"retryReasons":[],"startAt":1769945020393,"status":"passed","title":"preserves Emoji in metadata when converting to ogg"},{"ancestorTitles":["Metadata Preservation E2E Tests","Conversion and metadata preservation"],"duration":196,"failing":false,"failureDetails":[],"failureMessages":[],"fullName":"Metadata Preservation E2E Tests Conversion and metadata preservation preserves Emoji in metadata when converting to flac","invocations":1,"location":null,"numPassingAsserts":10,"retryReasons":[],"startAt":1769945020581,"status":"passed","title":"preserves Emoji in metadata when converting to flac"},{"ancestorTitles":["Metadata Preservation E2E Tests","Conversion and metadata preservation"],"duration":228,"failing":false,"failureDetails":[],"failureMessages":[],"fullName":"Metadata Preservation E2E Tests Conversion and metadata preservation preserves Commas in metadata when converting to mp3","invocations":1,"location":null,"numPassingAsserts":7,"retryReasons":[],"startAt":1769945020777,"status":"passed","title":"preserves Commas in metadata when converting to mp3"},{"ancestorTitles":["Metadata Preservation E2E Tests","Conversion and metadata preservation"],"duration":236,"failing":false,"failureDetails":[],"failureMessages":[],"fullName":"Metadata Preservation E2E Tests Conversion and metadata preservation preserves Commas in metadata when converting to ogg","invocations":1,"location":null,"numPassingAsserts":10,"retryReasons":[],"startAt":1769945021005,"status":"passed","title":"preserves Commas in metadata when converting to ogg"},{"ancestorTitles":["Metadata Preservation E2E Tests","Conversion and metadata preservation"],"duration":218,"failing":false,"failureDetails":[],"failureMessages":[],"fullName":"Metadata Preservation E2E Tests Conversion and metadata preservation preserves Commas in metadata when converting to flac","invocations":1,"location":null,"numPassingAsserts":10,"retryReasons":[],"startAt":1769945021241,"status":"passed","title":"preserves Commas in metadata when converting to flac"},{"ancestorTitles":["Metadata Preservation E2E Tests","Conversion and metadata preservation"],"duration":212,"failing":false,"failureDetails":[],"failureMessages":[],"fullName":"Metadata Preservation E2E Tests Conversion and metadata preservation preserves Quotes in metadata when converting to mp3","invocations":1,"location":null,"numPassingAsserts":7,"retryReasons":[],"startAt":1769945021459,"status":"passed","title":"preserves Quotes in metadata when converting to mp3"},{"ancestorTitles":["Metadata Preservation E2E Tests","Conversion and metadata preservation"],"duration":222,"failing":false,"failureDetails":[],"failureMessages":[],"fullName":"Metadata Preservation E2E Tests Conversion and metadata preservation preserves Quotes in metadata when converting to ogg","invocations":1,"location":null,"numPassingAsserts":10,"retryReasons":[],"startAt":1769945021671,"status":"passed","title":"preserves Quotes in metadata when converting to ogg"},{"ancestorTitles":["Metadata Preservation E2E Tests","Conversion and metadata preservation"],"duration":287,"failing":false,"failureDetails":[],"failureMessages":[],"fullName":"Metadata Preservation E2E Tests Conversion and metadata preservation preserves Quotes in metadata when converting to flac","invocations":1,"location":null,"numPassingAsserts":10,"retryReasons":[],"startAt":1769945021893,"status":"passed","title":"preserves Quotes in metadata when converting to flac"},{"ancestorTitles":["Metadata Preservation E2E Tests","Conversion and metadata preservation"],"duration":238,"failing":false,"failureDetails":[],"failureMessages":[],"fullName":"Metadata Preservation E2E Tests Conversion and metadata preservation preserves Special characters when converting to mp3","invocations":1,"location":null,"numPassingAsserts":7,"retryReasons":[],"startAt":1769945022180,"status":"passed","title":"preserves Special characters when converting to mp3"},{"ancestorTitles":["Metadata Preservation E2E Tests","Conversion and metadata preservation"],"duration":289,"failing":false,"failureDetails":[],"failureMessages":[],"fullName":"Metadata Preservation E2E Tests Conversion and metadata preservation preserves Special characters when converting to ogg","invocations":1,"location":null,"numPassingAsserts":10,"retryReasons":[],"startAt":1769945022418,"status":"passed","title":"preserves Special characters when converting to ogg"},{"ancestorTitles":["Metadata Preservation E2E Tests","Conversion and metadata preservation"],"duration":217,"failing":false,"failureDetails":[],"failureMessages":[],"fullName":"Metadata Preservation E2E Tests Conversion and metadata preservation preserves Special characters when converting to flac","invocations":1,"location":null,"numPassingAsserts":10,"retryReasons":[],"startAt":1769945022707,"status":"passed","title":"preserves Special characters when converting to flac"},{"ancestorTitles":["Metadata Preservation E2E Tests","Conversion and metadata preservation"],"duration":258,"failing":false,"failureDetails":[],"failureMessages":[],"fullName":"Metadata Preservation E2E Tests Conversion and metadata preservation preserves Backslashes (Windows paths) when converting to mp3","invocations":1,"location":null,"numPassingAsserts":7,"retryReasons":[],"startAt":1769945022924,"status":"passed","title":"preserves Backslashes (Windows paths) when converting to mp3"},{"ancestorTitles":["Metadata Preservation E2E Tests","Conversion and metadata preservation"],"duration":234,"failing":false,"failureDetails":[],"failureMessages":[],"fullName":"Metadata Preservation E2E Tests Conversion and metadata preservation preserves Backslashes (Windows paths) when converting to ogg","invocations":1,"location":null,"numPassingAsserts":10,"retryReasons":[],"startAt":1769945023182,"status":"passed","title":"preserves Backslashes (Windows paths) when converting to ogg"},{"ancestorTitles":["Metadata Preservation E2E Tests","Conversion and metadata preservation"],"duration":208,"failing":false,"failureDetails":[],"failureMessages":[],"fullName":"Metadata Preservation E2E Tests Conversion and metadata preservation preserves Backslashes (Windows paths) when converting to flac","invocations":1,"location":null,"numPassingAsserts":10,"retryReasons":[],"startAt":1769945023416,"status":"passed","title":"preserves Backslashes (Windows paths) when converting to flac"},{"ancestorTitles":["Metadata Preservation E2E Tests","Conversion and metadata preservation"],"duration":232,"failing":false,"failureDetails":[],"failureMessages":[],"fullName":"Metadata Preservation E2E Tests Conversion and metadata preservation preserves Long metadata strings when converting to mp3","invocations":1,"location":null,"numPassingAsserts":7,"retryReasons":[],"startAt":1769945023624,"status":"passed","title":"preserves Long metadata strings when converting to mp3"},{"ancestorTitles":["Metadata Preservation E2E Tests","Conversion and metadata preservation"],"duration":244,"failing":false,"failureDetails":[],"failureMessages":[],"fullName":"Metadata Preservation E2E Tests Conversion and metadata preservation preserves Long metadata strings when converting to ogg","invocations":1,"location":null,"numPassingAsserts":10,"retryReasons":[],"startAt":1769945023856,"status":"passed","title":"preserves Long metadata strings when converting to ogg"},{"ancestorTitles":["Metadata Preservation E2E Tests","Conversion and metadata preservation"],"duration":225,"failing":false,"failureDetails":[],"failureMessages":[],"fullName":"Metadata Preservation E2E Tests Conversion and metadata preservation preserves Long metadata strings when converting to flac","invocations":1,"location":null,"numPassingAsserts":10,"retryReasons":[],"startAt":1769945024100,"status":"passed","title":"preserves Long metadata strings when converting to flac"},{"ancestorTitles":["Metadata Preservation E2E Tests","Conversion and metadata preservation"],"duration":235,"failing":false,"failureDetails":[],"failureMessages":[],"fullName":"Metadata Preservation E2E Tests Conversion and metadata preservation preserves Mixed Unicode scripts when converting to mp3","invocations":1,"location":null,"numPassingAsserts":7,"retryReasons":[],"startAt":1769945024325,"status":"passed","title":"preserves Mixed Unicode scripts when converting to mp3"},{"ancestorTitles":["Metadata Preservation E2E Tests","Conversion and metadata preservation"],"duration":236,"failing":false,"failureDetails":[],"failureMessages":[],"fullName":"Metadata Preservation E2E Tests Conversion and metadata preservation preserves Mixed Unicode scripts when converting to ogg","invocations":1,"location":null,"numPassingAsserts":10,"retryReasons":[],"startAt":1769945024560,"status":"passed","title":"preserves Mixed Unicode scripts when converting to ogg"},{"ancestorTitles":["Metadata Preservation E2E Tests","Conversion and metadata preservation"],"duration":219,"failing":false,"failureDetails":[],"failureMessages":[],"fullName":"Metadata Preservation E2E Tests Conversion and metadata preservation preserves Mixed Unicode scripts when converting to flac","invocations":1,"location":null,"numPassingAsserts":10,"retryReasons":[],"startAt":1769945024796,"status":"passed","title":"preserves Mixed Unicode scripts when converting to flac"},{"ancestorTitles":["Metadata Preservation E2E Tests","File integrity checks"],"duration":272,"failing":false,"failureDetails":[],"failureMessages":[],"fullName":"Metadata Preservation E2E Tests File integrity checks output duration matches input duration","invocations":1,"location":null,"numPassingAsserts":7,"retryReasons":[],"startAt":1769945025015,"status":"passed","title":"output duration matches input duration"},{"ancestorTitles":["Metadata Preservation E2E Tests","File integrity checks"],"duration":1824,"failing":false,"failureDetails":[],"failureMessages":[],"fullName":"Metadata Preservation E2E Tests File integrity checks output files have no ffprobe errors","invocations":1,"location":null,"numPassingAsserts":33,"retryReasons":[],"startAt":1769945025288,"status":"passed","title":"output files have no ffprobe errors"},{"ancestorTitles":["Metadata Preservation E2E Tests","Channel preservation"],"duration":616,"failing":false,"failureDetails":[],"failureMessages":[],"fullName":"Metadata Preservation E2E Tests Channel preservation preserves stereo channels","invocations":1,"location":null,"numPassingAsserts":10,"retryReasons":[],"startAt":1769945027112,"status":"passed","title":"preserves stereo channels"},{"ancestorTitles":["Metadata Preservation E2E Tests","Channel preservation"],"duration":512,"failing":false,"failureDetails":[],"failureMessages":[],"fullName":"Metadata Preservation E2E Tests Channel preservation preserves mono channels","invocations":1,"location":null,"numPassingAsserts":7,"retryReasons":[],"startAt":1769945027728,"status":"passed","title":"preserves mono channels"},{"ancestorTitles":["Metadata Preservation E2E Tests","Sample rate handling"],"duration":730,"failing":false,"failureDetails":[],"failureMessages":[],"fullName":"Metadata Preservation E2E Tests Sample rate handling handles 22050Hz sample rate","invocations":1,"location":null,"numPassingAsserts":8,"retryReasons":[],"startAt":1769945028240,"status":"passed","title":"handles 22050Hz sample rate"},{"ancestorTitles":["Metadata Preservation E2E Tests","Sample rate handling"],"duration":713,"failing":false,"failureDetails":[],"failureMessages":[],"fullName":"Metadata Preservation E2E Tests Sample rate handling handles 44100Hz sample rate","invocations":1,"location":null,"numPassingAsserts":8,"retryReasons":[],"startAt":1769945028970,"status":"passed","title":"handles 44100Hz sample rate"},{"ancestorTitles":["Metadata Preservation E2E Tests","Sample rate handling"],"duration":-785,"failing":false,"failureDetails":[],"failureMessages":[],"fullName":"Metadata Preservation E2E Tests Sample rate handling handles 48000Hz sample rate","invocations":1,"location":null,"numPassingAsserts":8,"retryReasons":[],"startAt":1769945029683,"status":"passed","title":"handles 48000Hz sample rate"},{"ancestorTitles":["Metadata Preservation E2E Tests","Unicode filenames"],"duration":200,"failing":false,"failureDetails":[],"failureMessages":[],"fullName":"Metadata Preservation E2E Tests Unicode filenames handles Japanese filename","invocations":1,"location":null,"numPassingAsserts":5,"retryReasons":[],"startAt":1769945028898,"status":"passed","title":"handles Japanese filename"},{"ancestorTitles":["Metadata Preservation E2E Tests","Unicode filenames"],"duration":265,"failing":false,"failureDetails":[],"failureMessages":[],"fullName":"Metadata Preservation E2E Tests Unicode filenames handles Chinese filename","invocations":1,"location":null,"numPassingAsserts":5,"retryReasons":[],"startAt":1769945029099,"status":"passed","title":"handles Chinese filename"},{"ancestorTitles":["Metadata Preservation E2E Tests","Unicode filenames"],"duration":244,"failing":false,"failureDetails":[],"failureMessages":[],"fullName":"Metadata Preservation E2E Tests Unicode filenames handles Korean filename","invocations":1,"location":null,"numPassingAsserts":5,"retryReasons":[],"startAt":1769945029364,"status":"passed","title":"handles Korean filename"},{"ancestorTitles":["Metadata Preservation E2E Tests","Unicode filenames"],"duration":256,"failing":false,"failureDetails":[],"failureMessages":[],"fullName":"Metadata Preservation E2E Tests Unicode filenames handles German umlauts","invocations":1,"location":null,"numPassingAsserts":5,"retryReasons":[],"startAt":1769945029608,"status":"passed","title":"handles German umlauts"},{"ancestorTitles":["Metadata Preservation E2E Tests","Unicode filenames"],"duration":243,"failing":false,"failureDetails":[],"failureMessages":[],"fullName":"Metadata Preservation E2E Tests Unicode filenames handles French accents","invocations":1,"location":null,"numPassingAsserts":5,"retryReasons":[],"startAt":1769945029864,"status":"passed","title":"handles French accents"},{"ancestorTitles":["Metadata Preservation E2E Tests","Unicode filenames"],"duration":227,"failing":false,"failureDetails":[],"failureMessages":[],"fullName":"Metadata Preservation E2E Tests Unicode filenames handles Spanish characters","invocations":1,"location":null,"numPassingAsserts":5,"retryReasons":[],"startAt":1769945030107,"status":"passed","title":"handles Spanish characters"},{"ancestorTitles":["Metadata Preservation E2E Tests","Unicode filenames"],"duration":203,"failing":false,"failureDetails":[],"failureMessages":[],"fullName":"Metadata Preservation E2E Tests Unicode filenames handles Russian Cyrillic","invocations":1,"location":null,"numPassingAsserts":5,"retryReasons":[],"startAt":1769945030334,"status":"passed","title":"handles Russian Cyrillic"},{"ancestorTitles":["Metadata Preservation E2E Tests","Unicode filenames"],"duration":228,"failing":false,"failureDetails":[],"failureMessages":[],"fullName":"Metadata Preservation E2E Tests Unicode filenames handles Arabic","invocations":1,"location":null,"numPassingAsserts":5,"retryReasons":[],"startAt":1769945030537,"status":"passed","title":"handles Arabic"},{"ancestorTitles":["Metadata Preservation E2E Tests","Unicode filenames"],"duration":230,"failing":false,"failureDetails":[],"failureMessages":[],"fullName":"Metadata Preservation E2E Tests Unicode filenames handles Emoji filename","invocations":1,"location":null,"numPassingAsserts":5,"retryReasons":[],"startAt":1769945030765,"status":"passed","title":"handles Emoji filename"},{"ancestorTitles":["Metadata Preservation E2E Tests","Unicode filenames"],"duration":214,"failing":false,"failureDetails":[],"failureMessages":[],"fullName":"Metadata Preservation E2E Tests Unicode filenames handles Brackets in filename","invocations":1,"location":null,"numPassingAsserts":5,"retryReasons":[],"startAt":1769945030995,"status":"passed","title":"handles Brackets in filename"},{"ancestorTitles":["Metadata Preservation E2E Tests","Unicode filenames"],"duration":195,"failing":false,"failureDetails":[],"failureMessages":[],"fullName":"Metadata Preservation E2E Tests Unicode filenames handles Apostrophe in filename","invocations":1,"location":null,"numPassingAsserts":5,"retryReasons":[],"startAt":1769945031209,"status":"passed","title":"handles Apostrophe in filename"},{"ancestorTitles":["Metadata Preservation E2E Tests","Unicode filenames"],"duration":215,"failing":false,"failureDetails":[],"failureMessages":[],"fullName":"Metadata Preservation E2E Tests Unicode filenames handles Dashes and underscores","invocations":1,"location":null,"numPassingAsserts":5,"retryReasons":[],"startAt":1769945031404,"status":"passed","title":"handles Dashes and underscores"},{"ancestorTitles":["Metadata Preservation E2E Tests","Unicode filenames"],"duration":228,"failing":false,"failureDetails":[],"failureMessages":[],"fullName":"Metadata Preservation E2E Tests Unicode filenames handles Long filename","invocations":1,"location":null,"numPassingAsserts":5,"retryReasons":[],"startAt":1769945031619,"status":"passed","title":"handles Long filename"},{"ancestorTitles":["Metadata Preservation E2E Tests","Unicode directory paths"],"duration":274,"failing":false,"failureDetails":[],"failureMessages":[],"fullName":"Metadata Preservation E2E Tests Unicode directory paths handles Japanese path","invocations":1,"location":null,"numPassingAsserts":5,"retryReasons":[],"startAt":1769945031848,"status":"passed","title":"handles Japanese path"},{"ancestorTitles":["Metadata Preservation E2E Tests","Unicode directory paths"],"duration":260,"failing":false,"failureDetails":[],"failureMessages":[],"fullName":"Metadata Preservation E2E Tests Unicode directory paths handles Chinese path","invocations":1,"location":null,"numPassingAsserts":5,"retryReasons":[],"startAt":1769945032123,"status":"passed","title":"handles Chinese path"},{"ancestorTitles":["Metadata Preservation E2E Tests","Unicode directory paths"],"duration":262,"failing":false,"failureDetails":[],"failureMessages":[],"fullName":"Metadata Preservation E2E Tests Unicode directory paths handles Korean path","invocations":1,"location":null,"numPassingAsserts":5,"retryReasons":[],"startAt":1769945032383,"status":"passed","title":"handles Korean path"},{"ancestorTitles":["Metadata Preservation E2E Tests","Unicode directory paths"],"duration":264,"failing":false,"failureDetails":[],"failureMessages":[],"fullName":"Metadata Preservation E2E Tests Unicode directory paths handles German path","invocations":1,"location":null,"numPassingAsserts":5,"retryReasons":[],"startAt":1769945032645,"status":"passed","title":"handles German path"},{"ancestorTitles":["Metadata Preservation E2E Tests","Unicode directory paths"],"duration":245,"failing":false,"failureDetails":[],"failureMessages":[],"fullName":"Metadata Preservation E2E Tests Unicode directory paths handles Spanish path","invocations":1,"location":null,"numPassingAsserts":5,"retryReasons":[],"startAt":1769945032909,"status":"passed","title":"handles Spanish path"},{"ancestorTitles":["Metadata Preservation E2E Tests","Unicode directory paths"],"duration":227,"failing":false,"failureDetails":[],"failureMessages":[],"fullName":"Metadata Preservation E2E Tests Unicode directory paths handles Emoji path","invocations":1,"location":null,"numPassingAsserts":5,"retryReasons":[],"startAt":1769945033154,"status":"passed","title":"handles Emoji path"},{"ancestorTitles":["Metadata Preservation E2E Tests","Unicode directory paths"],"duration":187,"failing":false,"failureDetails":[],"failureMessages":[],"fullName":"Metadata Preservation E2E Tests Unicode directory paths handles Common music path","invocations":1,"location":null,"numPassingAsserts":5,"retryReasons":[],"startAt":1769945033382,"status":"passed","title":"handles Common music path"},{"ancestorTitles":["Metadata Preservation E2E Tests","Unicode directory paths"],"duration":217,"failing":false,"failureDetails":[],"failureMessages":[],"fullName":"Metadata Preservation E2E Tests Unicode directory paths handles Apostrophe in path","invocations":1,"location":null,"numPassingAsserts":5,"retryReasons":[],"startAt":1769945033569,"status":"passed","title":"handles Apostrophe in path"},{"ancestorTitles":["Metadata Preservation E2E Tests","Unicode directory paths"],"duration":192,"failing":false,"failureDetails":[],"failureMessages":[],"fullName":"Metadata Preservation E2E Tests Unicode directory paths handles Brackets in path","invocations":1,"location":null,"numPassingAsserts":5,"retryReasons":[],"startAt":1769945033786,"status":"passed","title":"handles Brackets in path"},{"ancestorTitles":["Metadata Preservation E2E Tests","Unicode directory paths"],"duration":293,"failing":false,"failureDetails":[],"failureMessages":[],"fullName":"Metadata Preservation E2E Tests Unicode directory paths handles Deeply nested path","invocations":1,"location":null,"numPassingAsserts":5,"retryReasons":[],"startAt":1769945033978,"status":"passed","title":"handles Deeply nested path"},{"ancestorTitles":["Metadata Preservation E2E Tests","Combined Unicode filename and path"],"duration":291,"failing":false,"failureDetails":[],"failureMessages":[],"fullName":"Metadata Preservation E2E Tests Combined Unicode filename and path handles Japanese path + Japanese filename","invocations":1,"location":null,"numPassingAsserts":6,"retryReasons":[],"startAt":1769945034271,"status":"passed","title":"handles Japanese path + Japanese filename"},{"ancestorTitles":["Metadata Preservation E2E Tests","Combined Unicode filename and path"],"duration":249,"failing":false,"failureDetails":[],"failureMessages":[],"fullName":"Metadata Preservation E2E Tests Combined Unicode filename and path handles Chinese path + Chinese filename","invocations":1,"location":null,"numPassingAsserts":6,"retryReasons":[],"startAt":1769945034562,"status":"passed","title":"handles Chinese path + Chinese filename"},{"ancestorTitles":["Metadata Preservation E2E Tests","Combined Unicode filename and path"],"duration":266,"failing":false,"failureDetails":[],"failureMessages":[],"fullName":"Metadata Preservation E2E Tests Combined Unicode filename and path handles Mixed script path + filename","invocations":1,"location":null,"numPassingAsserts":6,"retryReasons":[],"startAt":1769945034811,"status":"passed","title":"handles Mixed script path + filename"},{"ancestorTitles":["Metadata Preservation E2E Tests","Combined Unicode filename and path"],"duration":283,"failing":false,"failureDetails":[],"failureMessages":[],"fullName":"Metadata Preservation E2E Tests Combined Unicode filename and path handles Emoji path + emoji filename","invocations":1,"location":null,"numPassingAsserts":6,"retryReasons":[],"startAt":1769945035077,"status":"passed","title":"handles Emoji path + emoji filename"},{"ancestorTitles":["Metadata Preservation E2E Tests","Combined Unicode filename and path"],"duration":331,"failing":false,"failureDetails":[],"failureMessages":[],"fullName":"Metadata Preservation E2E Tests Combined Unicode filename and path handles Special chars in both","invocations":1,"location":null,"numPassingAsserts":6,"retryReasons":[],"startAt":1769945035360,"status":"passed","title":"handles Special chars in both"}],"endTime":1769945035997,"message":"","name":"/mnt/c/Users/Darren/Ez-Game-Audio-Conversion/src/__tests__/integration/metadataPreservation.test.ts","startTime":1769945013921,"status":"passed","summary":""},{"assertionResults":[{"ancestorTitles":["Unicode Path Support (Integration)","Chinese character paths"],"duration":76,"failing":false,"failureDetails":[],"failureMessages":[],"fullName":"Unicode Path Support (Integration) Chinese character paths creates input file with Chinese name","invocations":1,"location":null,"numPassingAsserts":1,"retryReasons":[],"startAt":1769945036431,"status":"passed","title":"creates input file with Chinese name"},{"ancestorTitles":["Unicode Path Support (Integration)","Chinese character paths"],"duration":81,"failing":false,"failureDetails":[],"failureMessages":[],"fullName":"Unicode Path Support (Integration) Chinese character paths converts file with Chinese name to MP3","invocations":1,"location":null,"numPassingAsserts":2,"retryReasons":[],"startAt":1769945036508,"status":"passed","title":"converts file with Chinese name to MP3"},{"ancestorTitles":["Unicode Path Support (Integration)","Japanese character paths"],"duration":65,"failing":false,"failureDetails":[],"failureMessages":[],"fullName":"Unicode Path Support (Integration) Japanese character paths creates input file with Japanese name","invocations":1,"location":null,"numPassingAsserts":1,"retryReasons":[],"startAt":1769945036589,"status":"passed","title":"creates input file with Japanese name"},{"ancestorTitles":["Unicode Path Support (Integration)","Japanese character paths"],"duration":85,"failing":false,"failureDetails":[],"failureMessages":[],"fullName":"Unicode Path Support (Integration) Japanese character paths converts file with Japanese name to OGG","invocations":1,"location":null,"numPassingAsserts":2,"retryReasons":[],"startAt":1769945036654,"status":"passed","title":"converts file with Japanese name to OGG"},{"ancestorTitles":["Unicode Path Support (Integration)","Arabic character paths"],"duration":50,"failing":false,"failureDetails":[],"failureMessages":[],"fullName":"Unicode Path Support (Integration) Arabic character paths creates input file with Arabic name","invocations":1,"location":null,"numPassingAsserts":1,"retryReasons":[],"startAt":1769945036740,"status":"passed","title":"creates input file with Arabic name"},{"ancestorTitles":["Unicode Path Support (Integration)","Arabic character paths"],"duration":66,"failing":false,"failureDetails":[],"failureMessages":[],"fullName":"Unicode Path Support (Integration) Arabic character paths converts file with Arabic name to FLAC","invocations":1,"location":null,"numPassingAsserts":2,"retryReasons":[],"startAt":1769945036790,"status":"passed","title":"converts file with Arabic name to FLAC"},{"ancestorTitles":["Unicode Path Support (Integration)","Korean character paths"],"duration":75,"failing":false,"failureDetails":[],"failureMessages":[],"fullName":"Unicode Path Support (Integration) Korean character paths creates input file with Korean name","invocations":1,"location":null,"numPassingAsserts":1,"retryReasons":[],"startAt":1769945036856,"status":"passed","title":"creates input file with Korean name"},{"ancestorTitles":["Unicode Path Support (Integration)","Korean character paths"],"duration":83,"failing":false,"failureDetails":[],"failureMessages":[],"fullName":"Unicode Path Support (Integration) Korean character paths converts file with Korean name to MP3","invocations":1,"location":null,"numPassingAsserts":2,"retryReasons":[],"startAt":1769945036931,"status":"passed","title":"converts file with Korean name to MP3"},{"ancestorTitles":["Unicode Path Support (Integration)","Cyrillic character paths"],"duration":58,"failing":false,"failureDetails":[],"failureMessages":[],"fullName":"Unicode Path Support (Integration) Cyrillic character paths creates input file with Russian name","invocations":1,"location":null,"numPassingAsserts":1,"retryReasons":[],"startAt":1769945037014,"status":"passed","title":"creates input file with Russian name"},{"ancestorTitles":["Unicode Path Support (Integration)","Cyrillic character paths"],"duration":85,"failing":false,"failureDetails":[],"failureMessages":[],"fullName":"Unicode Path Support (Integration) Cyrillic character paths converts file with Russian name to OGG","invocations":1,"location":null,"numPassingAsserts":2,"retryReasons":[],"startAt":1769945037073,"status":"passed","title":"converts file with Russian name to OGG"},{"ancestorTitles":["Unicode Path Support (Integration)","Accented European character paths"],"duration":52,"failing":false,"failureDetails":[],"failureMessages":[],"fullName":"Unicode Path Support (Integration) Accented European character paths creates input file with accented name","invocations":1,"location":null,"numPassingAsserts":1,"retryReasons":[],"startAt":1769945037158,"status":"passed","title":"creates input file with accented name"},{"ancestorTitles":["Unicode Path Support (Integration)","Accented European character paths"],"duration":116,"failing":false,"failureDetails":[],"failureMessages":[],"fullName":"Unicode Path Support (Integration) Accented European character paths converts file with accented name to MP3","invocations":1,"location":null,"numPassingAsserts":2,"retryReasons":[],"startAt":1769945037210,"status":"passed","title":"converts file with accented name to MP3"},{"ancestorTitles":["Unicode Path Support (Integration)","Mixed script paths"],"duration":67,"failing":false,"failureDetails":[],"failureMessages":[],"fullName":"Unicode Path Support (Integration) Mixed script paths creates input file with mixed script name","invocations":1,"location":null,"numPassingAsserts":1,"retryReasons":[],"startAt":1769945037326,"status":"passed","title":"creates input file with mixed script name"},{"ancestorTitles":["Unicode Path Support (Integration)","Mixed script paths"],"duration":67,"failing":false,"failureDetails":[],"failureMessages":[],"fullName":"Unicode Path Support (Integration) Mixed script paths converts file with mixed script name to FLAC","invocations":1,"location":null,"numPassingAsserts":2,"retryReasons":[],"startAt":1769945037393,"status":"passed","title":"converts file with mixed script name to FLAC"},{"ancestorTitles":["Unicode Path Support (Integration)","Unicode subdirectory paths"],"duration":4,"failing":false,"failureDetails":[],"failureMessages":[],"fullName":"Unicode Path Support (Integration) Unicode subdirectory paths creates directories with Unicode names","invocations":1,"location":null,"numPassingAsserts":1,"retryReasons":[],"startAt":1769945037460,"status":"passed","title":"creates directories with Unicode names"},{"ancestorTitles":["Unicode Path Support (Integration)","Unicode subdirectory paths"],"duration":184,"failing":false,"failureDetails":[],"failureMessages":[],"fullName":"Unicode Path Support (Integration) Unicode subdirectory paths converts to files in Unicode subdirectories","invocations":1,"location":null,"numPassingAsserts":2,"retryReasons":[],"startAt":1769945037465,"status":"passed","title":"converts to files in Unicode subdirectories"},{"ancestorTitles":["Unicode Path Support (Integration)","Edge cases"],"duration":136,"failing":false,"failureDetails":[],"failureMessages":[],"fullName":"Unicode Path Support (Integration) Edge cases handles very long Unicode paths","invocations":1,"location":null,"numPassingAsserts":1,"retryReasons":[],"startAt":1769945037649,"status":"passed","title":"handles very long Unicode paths"},{"ancestorTitles":["Unicode Path Support (Integration)","Edge cases"],"duration":133,"failing":false,"failureDetails":[],"failureMessages":[],"fullName":"Unicode Path Support (Integration) Edge cases handles Unicode with spaces","invocations":1,"location":null,"numPassingAsserts":1,"retryReasons":[],"startAt":1769945037785,"status":"passed","title":"handles Unicode with spaces"},{"ancestorTitles":["Unicode Path Support (Integration)","Edge cases"],"duration":127,"failing":false,"failureDetails":[],"failureMessages":[],"fullName":"Unicode Path Support (Integration) Edge cases handles Unicode with hyphens and underscores","invocations":1,"location":null,"numPassingAsserts":1,"retryReasons":[],"startAt":1769945037918,"status":"passed","title":"handles Unicode with hyphens and underscores"},{"ancestorTitles":["Unicode Path Support (Integration)","Validation tests (no ffmpeg needed)"],"duration":1,"failing":false,"failureDetails":[],"failureMessages":[],"fullName":"Unicode Path Support (Integration) Validation tests (no ffmpeg needed) path regex allows Unicode but blocks Windows-invalid chars","invocations":1,"location":null,"numPassingAsserts":13,"retryReasons":[],"startAt":1769945038045,"status":"passed","title":"path regex allows Unicode but blocks Windows-invalid chars"},{"ancestorTitles":["Unicode Path Support (Integration)","Validation tests (no ffmpeg needed)"],"duration":0,"failing":false,"failureDetails":[],"failureMessages":[],"fullName":"Unicode Path Support (Integration) Validation tests (no ffmpeg needed) validates all Windows-invalid characters are blocked","invocations":1,"location":null,"numPassingAsserts":6,"retryReasons":[],"startAt":1769945038046,"status":"passed","title":"validates all Windows-invalid characters are blocked"},{"ancestorTitles":["Unicode Path Support (Integration)","Validation tests (no ffmpeg needed)"],"duration":1,"failing":false,"failureDetails":[],"failureMessages":[],"fullName":"Unicode Path Support (Integration) Validation tests (no ffmpeg needed) validates control characters are blocked","invocations":1,"location":null,"numPassingAsserts":32,"retryReasons":[],"startAt":1769945038046,"status":"passed","title":"validates control characters are blocked"}],"endTime":1769945038074,"message":"","name":"/mnt/c/Users/Darren/Ez-Game-Audio-Conversion/src/__tests__/integration/unicodePaths.test.ts","startTime":1769945036040,"status":"passed","summary":""},{"assertionResults":[{"ancestorTitles":["converterWorker.js"],"duration":17,"failing":false,"failureDetails":[],"failureMessages":[],"fullName":"converterWorker.js handles missing input file error","invocations":1,"location":null,"numPassingAsserts":1,"retryReasons":[],"startAt":1769945038481,"status":"passed","title":"handles missing input file error"},{"ancestorTitles":["converterWorker.js"],"duration":3,"failing":false,"failureDetails":[],"failureMessages":[],"fullName":"converterWorker.js infers output format from extension when none provided","invocations":1,"location":null,"numPassingAsserts":1,"retryReasons":[],"startAt":1769945038498,"status":"passed","title":"infers output format from extension when none provided"},{"ancestorTitles":["converterWorker.js"],"duration":0,"failing":false,"failureDetails":[],"failureMessages":[],"fullName":"converterWorker.js handles missing output file error","invocations":1,"location":null,"numPassingAsserts":1,"retryReasons":[],"startAt":1769945038501,"status":"passed","title":"handles missing output file error"},{"ancestorTitles":["converterWorker.js"],"duration":null,"failing":false,"failureDetails":[],"failureMessages":[],"fullName":"converterWorker.js throws if ffmpeg.exe is not found","invocations":1,"location":null,"numPassingAsserts":0,"retryReasons":[],"startAt":1769945038501,"status":"pending","title":"throws if ffmpeg.exe is not found"},{"ancestorTitles":["converterWorker.js"],"duration":2,"failing":false,"failureDetails":[],"failureMessages":[],"fullName":"converterWorker.js allows Unicode characters in output path","invocations":1,"location":null,"numPassingAsserts":1,"retryReasons":[],"startAt":1769945038501,"status":"passed","title":"allows Unicode characters in output path"},{"ancestorTitles":["converterWorker.js"],"duration":1,"failing":false,"failureDetails":[],"failureMessages":[],"fullName":"converterWorker.js rejects output paths containing quotes or newlines","invocations":1,"location":null,"numPassingAsserts":2,"retryReasons":[],"startAt":1769945038503,"status":"passed","title":"rejects output paths containing quotes or newlines"},{"ancestorTitles":["converterWorker.js"],"duration":0,"failing":false,"failureDetails":[],"failureMessages":[],"fullName":"converterWorker.js rejects Windows-invalid characters in output path","invocations":1,"location":null,"numPassingAsserts":1,"retryReasons":[],"startAt":1769945038504,"status":"passed","title":"rejects Windows-invalid characters in output path"},{"ancestorTitles":["converterWorker.js"],"duration":2,"failing":false,"failureDetails":[],"failureMessages":[],"fullName":"converterWorker.js warns when output path length exceeds 250 characters","invocations":1,"location":null,"numPassingAsserts":1,"retryReasons":[],"startAt":1769945038504,"status":"passed","title":"warns when output path length exceeds 250 characters"},{"ancestorTitles":["converterWorker.js"],"duration":1,"failing":false,"failureDetails":[],"failureMessages":[],"fullName":"converterWorker.js successfully runs the conversion","invocations":1,"location":null,"numPassingAsserts":1,"retryReasons":[],"startAt":1769945038506,"status":"passed","title":"successfully runs the conversion"},{"ancestorTitles":["converterWorker.js"],"duration":0,"failing":false,"failureDetails":[],"failureMessages":[],"fullName":"converterWorker.js handles directory creation error gracefully","invocations":1,"location":null,"numPassingAsserts":3,"retryReasons":[],"startAt":1769945038508,"status":"passed","title":"handles directory creation error gracefully"},{"ancestorTitles":["converterWorker.js"],"duration":0,"failing":false,"failureDetails":[],"failureMessages":[],"fullName":"converterWorker.js creates missing output directory successfully","invocations":1,"location":null,"numPassingAsserts":1,"retryReasons":[],"startAt":1769945038508,"status":"passed","title":"creates missing output directory successfully"},{"ancestorTitles":["converterWorker.js"],"duration":3,"failing":false,"failureDetails":[],"failureMessages":[],"fullName":"converterWorker.js aggregates stderr and rejects on non-zero exit code","invocations":1,"location":null,"numPassingAsserts":2,"retryReasons":[],"startAt":1769945038508,"status":"passed","title":"aggregates stderr and rejects on non-zero exit code"},{"ancestorTitles":["converterWorker.js"],"duration":null,"failing":false,"failureDetails":[],"failureMessages":[],"fullName":"converterWorker.js handles runFFMPEG failures","invocations":1,"location":null,"numPassingAsserts":0,"retryReasons":[],"startAt":1769945038511,"status":"pending","title":"handles runFFMPEG failures"},{"ancestorTitles":["converterWorker.js"],"duration":22,"failing":false,"failureDetails":[],"failureMessages":[],"fullName":"converterWorker.js skips loop points for unsupported formats (WAV and M4A)","invocations":1,"location":null,"numPassingAsserts":2,"retryReasons":[],"startAt":1769945038511,"status":"passed","title":"skips loop points for unsupported formats (WAV and M4A)"},{"ancestorTitles":["converterWorker.js"],"duration":0,"failing":false,"failureDetails":[],"failureMessages":[],"fullName":"converterWorker.js blocks outputs marked as \"Skipped!\"","invocations":1,"location":null,"numPassingAsserts":1,"retryReasons":[],"startAt":1769945038534,"status":"passed","title":"blocks outputs marked as \"Skipped!\""}],"endTime":1769945038536,"message":"","name":"/mnt/c/Users/Darren/Ez-Game-Audio-Conversion/src/__tests__/converterWorker.test.ts","startTime":1769945038086,"status":"focused","summary":""},{"assertionResults":[{"ancestorTitles":["app.js"],"duration":2,"failing":false,"failureDetails":[],"failureMessages":[],"fullName":"app.js runs the happy path (all promises resolve)","invocations":1,"location":null,"numPassingAsserts":5,"retryReasons":[],"startAt":1769945039141,"status":"passed","title":"runs the happy path (all promises resolve)"},{"ancestorTitles":["app.js"],"duration":1,"failing":false,"failureDetails":[],"failureMessages":[],"fullName":"app.js handles errors in the promise chain","invocations":1,"location":null,"numPassingAsserts":1,"retryReasons":[],"startAt":1769945039143,"status":"passed","title":"handles errors in the promise chain"},{"ancestorTitles":["app.js"],"duration":0,"failing":false,"failureDetails":[],"failureMessages":[],"fullName":"app.js does not reinitialize globalThis.env if already set","invocations":1,"location":null,"numPassingAsserts":1,"retryReasons":[],"startAt":1769945039144,"status":"passed","title":"does not reinitialize globalThis.env if already set"},{"ancestorTitles":["app.js"],"duration":null,"failing":false,"failureDetails":[],"failureMessages":[],"fullName":"app.js logs debug mode and TTY info if env.isDebug is true","invocations":1,"location":null,"numPassingAsserts":0,"retryReasons":[],"startAt":1769945039144,"status":"pending","title":"logs debug mode and TTY info if env.isDebug is true"},{"ancestorTitles":["app.js"],"duration":1,"failing":false,"failureDetails":[],"failureMessages":[],"fullName":"app.js logs dev mode if env.isDev is true","invocations":1,"location":null,"numPassingAsserts":1,"retryReasons":[],"startAt":1769945039144,"status":"passed","title":"logs dev mode if env.isDev is true"},{"ancestorTitles":["app.js"],"duration":0,"failing":false,"failureDetails":[],"failureMessages":[],"fullName":"app.js writes to process.stdout for terminal title","invocations":1,"location":null,"numPassingAsserts":2,"retryReasons":[],"startAt":1769945039145,"status":"passed","title":"writes to process.stdout for terminal title"}],"endTime":1769945039147,"message":"","name":"/mnt/c/Users/Darren/Ez-Game-Audio-Conversion/src/__tests__/app.test.ts","startTime":1769945038677,"status":"focused","summary":""},{"assertionResults":[{"ancestorTitles":["env.js"],"duration":52,"failing":false,"failureDetails":[],"failureMessages":[],"fullName":"env.js sets globalThis.env with default values","invocations":1,"location":null,"numPassingAsserts":6,"retryReasons":[],"startAt":1769945039470,"status":"passed","title":"sets globalThis.env with default values"},{"ancestorTitles":["env.js"],"duration":15,"failing":false,"failureDetails":[],"failureMessages":[],"fullName":"env.js sets isDev and isDebug correctly","invocations":1,"location":null,"numPassingAsserts":2,"retryReasons":[],"startAt":1769945039522,"status":"passed","title":"sets isDev and isDebug correctly"}],"endTime":1769945039539,"message":"","name":"/mnt/c/Users/Darren/Ez-Game-Audio-Conversion/src/__tests__/env.test.ts","startTime":1769945039163,"status":"passed","summary":""},{"assertionResults":[{"ancestorTitles":["metadataService ffprobe path resolution"],"duration":7,"failing":false,"failureDetails":[],"failureMessages":[],"fullName":"metadataService ffprobe path resolution uses ffprobe.exe on windows from runtimeBaseDir","invocations":1,"location":null,"numPassingAsserts":2,"retryReasons":[],"startAt":1769945039909,"status":"passed","title":"uses ffprobe.exe on windows from runtimeBaseDir"},{"ancestorTitles":["metadataService ffprobe path resolution"],"duration":4,"failing":false,"failureDetails":[],"failureMessages":[],"fullName":"metadataService ffprobe path resolution uses ffmpeg-bin/<platformSlug>/ffprobe on linux when present","invocations":1,"location":null,"numPassingAsserts":2,"retryReasons":[],"startAt":1769945039916,"status":"passed","title":"uses ffmpeg-bin/<platformSlug>/ffprobe on linux when present"},{"ancestorTitles":["metadataService ffprobe path resolution"],"duration":4,"failing":false,"failureDetails":[],"failureMessages":[],"fullName":"metadataService ffprobe path resolution falls back to PATH (ffprobe) when no files exist","invocations":1,"location":null,"numPassingAsserts":2,"retryReasons":[],"startAt":1769945039921,"status":"passed","title":"falls back to PATH (ffprobe) when no files exist"}],"endTime":1769945039926,"message":"","name":"/mnt/c/Users/Darren/Ez-Game-Audio-Conversion/src/__tests__/metadataService.paths.test.ts","startTime":1769945039555,"status":"passed","summary":""},{"assertionResults":[{"ancestorTitles":["createConversionList","basic conversion list creation"],"duration":22,"failing":false,"failureDetails":[],"failureMessages":[],"fullName":"createConversionList basic conversion list creation creates one output per format for each input file","invocations":1,"location":null,"numPassingAsserts":4,"retryReasons":[],"startAt":1769945040314,"status":"passed","title":"creates one output per format for each input file"},{"ancestorTitles":["createConversionList","basic conversion list creation"],"duration":4,"failing":false,"failureDetails":[],"failureMessages":[],"fullName":"createConversionList basic conversion list creation preserves directory structure in output paths","invocations":1,"location":null,"numPassingAsserts":1,"retryReasons":[],"startAt":1769945040336,"status":"passed","title":"preserves directory structure in output paths"},{"ancestorTitles":["createConversionList","basic conversion list creation"],"duration":5,"failing":false,"failureDetails":[],"failureMessages":[],"fullName":"createConversionList basic conversion list creation handles multiple input files correctly","invocations":1,"location":null,"numPassingAsserts":2,"retryReasons":[],"startAt":1769945040340,"status":"passed","title":"handles multiple input files correctly"},{"ancestorTitles":["createConversionList","file conflict handling"],"duration":6,"failing":false,"failureDetails":[],"failureMessages":[],"fullName":"createConversionList file conflict handling renames output when user selects [r]ename for existing file","invocations":1,"location":null,"numPassingAsserts":1,"retryReasons":[],"startAt":1769945040345,"status":"passed","title":"renames output when user selects [r]ename for existing file"},{"ancestorTitles":["createConversionList","file conflict handling"],"duration":2,"failing":false,"failureDetails":[],"failureMessages":[],"fullName":"createConversionList file conflict handling skips file when user selects [s]kip for existing file","invocations":1,"location":null,"numPassingAsserts":1,"retryReasons":[],"startAt":1769945040351,"status":"passed","title":"skips file when user selects [s]kip for existing file"},{"ancestorTitles":["createConversionList","file conflict handling"],"duration":4,"failing":false,"failureDetails":[],"failureMessages":[],"fullName":"createConversionList file conflict handling applies rename-all (ra) to subsequent conflicts","invocations":1,"location":null,"numPassingAsserts":2,"retryReasons":[],"startAt":1769945040353,"status":"passed","title":"applies rename-all (ra) to subsequent conflicts"},{"ancestorTitles":["createConversionList","file conflict handling"],"duration":3,"failing":false,"failureDetails":[],"failureMessages":[],"fullName":"createConversionList file conflict handling applies skip-all (sa) to subsequent conflicts","invocations":1,"location":null,"numPassingAsserts":1,"retryReasons":[],"startAt":1769945040357,"status":"passed","title":"applies skip-all (sa) to subsequent conflicts"},{"ancestorTitles":["createConversionList","same file type conversion"],"duration":2,"failing":false,"failureDetails":[],"failureMessages":[],"fullName":"createConversionList same file type conversion prompts user when input and output are same format","invocations":1,"location":null,"numPassingAsserts":1,"retryReasons":[],"startAt":1769945040361,"status":"passed","title":"prompts user when input and output are same format"},{"ancestorTitles":["createConversionList","same file type conversion"],"duration":3,"failing":false,"failureDetails":[],"failureMessages":[],"fullName":"createConversionList same file type conversion skips same-type conversion when user declines","invocations":1,"location":null,"numPassingAsserts":1,"retryReasons":[],"startAt":1769945040363,"status":"passed","title":"skips same-type conversion when user declines"},{"ancestorTitles":["createConversionList","ogg codec selection"],"duration":3,"failing":false,"failureDetails":[],"failureMessages":[],"fullName":"createConversionList ogg codec selection prompts for ogg codec when not set and ogg is an output format","invocations":1,"location":null,"numPassingAsserts":1,"retryReasons":[],"startAt":1769945040366,"status":"passed","title":"prompts for ogg codec when not set and ogg is an output format"},{"ancestorTitles":["createConversionList","ogg codec selection"],"duration":3,"failing":false,"failureDetails":[],"failureMessages":[],"fullName":"createConversionList ogg codec selection defaults to vorbis when user enters empty string for codec","invocations":1,"location":null,"numPassingAsserts":1,"retryReasons":[],"startAt":1769945040369,"status":"passed","title":"defaults to vorbis when user enters empty string for codec"},{"ancestorTitles":["createConversionList","ogg codec selection"],"duration":3,"failing":false,"failureDetails":[],"failureMessages":[],"fullName":"createConversionList ogg codec selection re-prompts on invalid codec input until valid","invocations":1,"location":null,"numPassingAsserts":2,"retryReasons":[],"startAt":1769945040372,"status":"passed","title":"re-prompts on invalid codec input until valid"},{"ancestorTitles":["createConversionList","final confirmation"],"duration":8,"failing":false,"failureDetails":[],"failureMessages":[],"fullName":"createConversionList final confirmation returns conversion list when user confirms with yes","invocations":1,"location":null,"numPassingAsserts":2,"retryReasons":[],"startAt":1769945040376,"status":"passed","title":"returns conversion list when user confirms with yes"},{"ancestorTitles":["createConversionList","final confirmation"],"duration":1,"failing":false,"failureDetails":[],"failureMessages":[],"fullName":"createConversionList final confirmation exits when user declines final confirmation","invocations":1,"location":null,"numPassingAsserts":1,"retryReasons":[],"startAt":1769945040384,"status":"passed","title":"exits when user declines final confirmation"},{"ancestorTitles":["createConversionList","final confirmation"],"duration":2,"failing":false,"failureDetails":[],"failureMessages":[],"fullName":"createConversionList final confirmation re-prompts on invalid confirmation input","invocations":1,"location":null,"numPassingAsserts":2,"retryReasons":[],"startAt":1769945040385,"status":"passed","title":"re-prompts on invalid confirmation input"},{"ancestorTitles":["createConversionList","error handling"],"duration":2,"failing":false,"failureDetails":[],"failureMessages":[],"fullName":"createConversionList error handling exits with error when no input files provided","invocations":1,"location":null,"numPassingAsserts":1,"retryReasons":[],"startAt":1769945040387,"status":"passed","title":"exits with error when no input files provided"}],"endTime":1769945040392,"message":"","name":"/mnt/c/Users/Darren/Ez-Game-Audio-Conversion/src/__tests__/createConversionList.test.ts","startTime":1769945039942,"status":"passed","summary":""},{"assertionResults":[{"ancestorTitles":["converterManager worker path resolution"],"duration":15,"failing":false,"failureDetails":[],"failureMessages":[],"fullName":"converterManager worker path resolution dev + linux paths: prefers module dist worker","invocations":1,"location":null,"numPassingAsserts":2,"retryReasons":[],"startAt":1769945040812,"status":"passed","title":"dev + linux paths: prefers module dist worker"},{"ancestorTitles":["converterManager worker path resolution"],"duration":7,"failing":false,"failureDetails":[],"failureMessages":[],"fullName":"converterManager worker path resolution dev + windows paths: falls back to cwd dist worker","invocations":1,"location":null,"numPassingAsserts":2,"retryReasons":[],"startAt":1769945040827,"status":"passed","title":"dev + windows paths: falls back to cwd dist worker"},{"ancestorTitles":["converterManager worker path resolution"],"duration":7,"failing":false,"failureDetails":[],"failureMessages":[],"fullName":"converterManager worker path resolution prod(packaged) + linux paths: prefers runtimeBaseDir/dist worker","invocations":1,"location":null,"numPassingAsserts":2,"retryReasons":[],"startAt":1769945040834,"status":"passed","title":"prod(packaged) + linux paths: prefers runtimeBaseDir/dist worker"},{"ancestorTitles":["converterManager worker path resolution"],"duration":6,"failing":false,"failureDetails":[],"failureMessages":[],"fullName":"converterManager worker path resolution prod(packaged) + windows paths: prefers runtimeBaseDir/dist worker","invocations":1,"location":null,"numPassingAsserts":2,"retryReasons":[],"startAt":1769945040841,"status":"passed","title":"prod(packaged) + windows paths: prefers runtimeBaseDir/dist worker"},{"ancestorTitles":["converterManager worker path resolution"],"duration":5,"failing":false,"failureDetails":[],"failureMessages":[],"fullName":"converterManager worker path resolution throws a helpful error when no worker candidate exists","invocations":1,"location":null,"numPassingAsserts":1,"retryReasons":[],"startAt":1769945040847,"status":"passed","title":"throws a helpful error when no worker candidate exists"}],"endTime":1769945040855,"message":"","name":"/mnt/c/Users/Darren/Ez-Game-Audio-Conversion/src/__tests__/converterManager.paths.test.ts","startTime":1769945040457,"status":"passed","summary":""},{"assertionResults":[{"ancestorTitles":["ffmpeg argument building - Integration Tests","basic format conversions"],"duration":5,"failing":false,"failureDetails":[],"failureMessages":[],"fullName":"ffmpeg argument building - Integration Tests basic format conversions should build correct args for MP3 conversion","invocations":1,"location":null,"numPassingAsserts":10,"retryReasons":[],"startAt":1769945041219,"status":"passed","title":"should build correct args for MP3 conversion"},{"ancestorTitles":["ffmpeg argument building - Integration Tests","basic format conversions"],"duration":2,"failing":false,"failureDetails":[],"failureMessages":[],"fullName":"ffmpeg argument building - Integration Tests basic format conversions should build correct args for OGG Vorbis conversion","invocations":1,"location":null,"numPassingAsserts":4,"retryReasons":[],"startAt":1769945041224,"status":"passed","title":"should build correct args for OGG Vorbis conversion"},{"ancestorTitles":["ffmpeg argument building - Integration Tests","basic format conversions"],"duration":2,"failing":false,"failureDetails":[],"failureMessages":[],"fullName":"ffmpeg argument building - Integration Tests basic format conversions should build correct args for OGG Opus conversion","invocations":1,"location":null,"numPassingAsserts":4,"retryReasons":[],"startAt":1769945041226,"status":"passed","title":"should build correct args for OGG Opus conversion"},{"ancestorTitles":["ffmpeg argument building - Integration Tests","basic format conversions"],"duration":1,"failing":false,"failureDetails":[],"failureMessages":[],"fullName":"ffmpeg argument building - Integration Tests basic format conversions should build correct args for WAV conversion","invocations":1,"location":null,"numPassingAsserts":2,"retryReasons":[],"startAt":1769945041228,"status":"passed","title":"should build correct args for WAV conversion"},{"ancestorTitles":["ffmpeg argument building - Integration Tests","basic format conversions"],"duration":1,"failing":false,"failureDetails":[],"failureMessages":[],"fullName":"ffmpeg argument building - Integration Tests basic format conversions should build correct args for M4A/AAC conversion","invocations":1,"location":null,"numPassingAsserts":4,"retryReasons":[],"startAt":1769945041230,"status":"passed","title":"should build correct args for M4A/AAC conversion"},{"ancestorTitles":["ffmpeg argument building - Integration Tests","basic format conversions"],"duration":2,"failing":false,"failureDetails":[],"failureMessages":[],"fullName":"ffmpeg argument building - Integration Tests basic format conversions should build correct args for FLAC conversion","invocations":1,"location":null,"numPassingAsserts":4,"retryReasons":[],"startAt":1769945041231,"status":"passed","title":"should build correct args for FLAC conversion"},{"ancestorTitles":["ffmpeg argument building - Integration Tests","basic format conversions"],"duration":1,"failing":false,"failureDetails":[],"failureMessages":[],"fullName":"ffmpeg argument building - Integration Tests basic format conversions should build correct args for AIFF conversion","invocations":1,"location":null,"numPassingAsserts":4,"retryReasons":[],"startAt":1769945041233,"status":"passed","title":"should build correct args for AIFF conversion"},{"ancestorTitles":["ffmpeg argument building - Integration Tests","argument ordering"],"duration":1,"failing":false,"failureDetails":[],"failureMessages":[],"fullName":"ffmpeg argument building - Integration Tests argument ordering should put input before output","invocations":1,"location":null,"numPassingAsserts":3,"retryReasons":[],"startAt":1769945041235,"status":"passed","title":"should put input before output"},{"ancestorTitles":["ffmpeg argument building - Integration Tests","argument ordering"],"duration":2,"failing":false,"failureDetails":[],"failureMessages":[],"fullName":"ffmpeg argument building - Integration Tests argument ordering should have -i flag before input file","invocations":1,"location":null,"numPassingAsserts":1,"retryReasons":[],"startAt":1769945041236,"status":"passed","title":"should have -i flag before input file"},{"ancestorTitles":["ffmpeg argument building - Integration Tests","argument ordering"],"duration":1,"failing":false,"failureDetails":[],"failureMessages":[],"fullName":"ffmpeg argument building - Integration Tests argument ordering should have output file as last argument","invocations":1,"location":null,"numPassingAsserts":1,"retryReasons":[],"startAt":1769945041238,"status":"passed","title":"should have output file as last argument"},{"ancestorTitles":["ffmpeg argument building - Integration Tests","metadata preservation"],"duration":1,"failing":false,"failureDetails":[],"failureMessages":[],"fullName":"ffmpeg argument building - Integration Tests metadata preservation should strip metadata by default (map_metadata -1)","invocations":1,"location":null,"numPassingAsserts":2,"retryReasons":[],"startAt":1769945041240,"status":"passed","title":"should strip metadata by default (map_metadata -1)"},{"ancestorTitles":["ffmpeg argument building - Integration Tests","metadata preservation"],"duration":2,"failing":false,"failureDetails":[],"failureMessages":[],"fullName":"ffmpeg argument building - Integration Tests metadata preservation should NOT strip metadata for AIFF (preserveMetadata=true)","invocations":1,"location":null,"numPassingAsserts":0,"retryReasons":[],"startAt":1769945041241,"status":"passed","title":"should NOT strip metadata for AIFF (preserveMetadata=true)"},{"ancestorTitles":["ffmpeg argument building - Integration Tests","metadata preservation"],"duration":1,"failing":false,"failureDetails":[],"failureMessages":[],"fullName":"ffmpeg argument building - Integration Tests metadata preservation should include channel specification (-ac)","invocations":1,"location":null,"numPassingAsserts":2,"retryReasons":[],"startAt":1769945041243,"status":"passed","title":"should include channel specification (-ac)"},{"ancestorTitles":["ffmpeg argument building - Integration Tests","file path handling"],"duration":2,"failing":false,"failureDetails":[],"failureMessages":[],"fullName":"ffmpeg argument building - Integration Tests file path handling should pass input file path without modification","invocations":1,"location":null,"numPassingAsserts":1,"retryReasons":[],"startAt":1769945041244,"status":"passed","title":"should pass input file path without modification"},{"ancestorTitles":["ffmpeg argument building - Integration Tests","file path handling"],"duration":2,"failing":false,"failureDetails":[],"failureMessages":[],"fullName":"ffmpeg argument building - Integration Tests file path handling should pass output file path without modification","invocations":1,"location":null,"numPassingAsserts":1,"retryReasons":[],"startAt":1769945041246,"status":"passed","title":"should pass output file path without modification"},{"ancestorTitles":["ffmpeg argument building - Integration Tests","file path handling"],"duration":1,"failing":false,"failureDetails":[],"failureMessages":[],"fullName":"ffmpeg argument building - Integration Tests file path handling should handle Unicode paths","invocations":1,"location":null,"numPassingAsserts":2,"retryReasons":[],"startAt":1769945041248,"status":"passed","title":"should handle Unicode paths"},{"ancestorTitles":["ffmpeg argument building - Integration Tests","loop data handling"],"duration":2,"failing":false,"failureDetails":[],"failureMessages":[],"fullName":"ffmpeg argument building - Integration Tests loop data handling should skip loop data when mode is \"skip\"","invocations":1,"location":null,"numPassingAsserts":2,"retryReasons":[],"startAt":1769945041249,"status":"passed","title":"should skip loop data when mode is \"skip\""},{"ancestorTitles":["ffmpeg argument building - Integration Tests","loop data handling"],"duration":1,"failing":false,"failureDetails":[],"failureMessages":[],"fullName":"ffmpeg argument building - Integration Tests loop data handling should skip loop data for WAV format (unsupported)","invocations":1,"location":null,"numPassingAsserts":1,"retryReasons":[],"startAt":1769945041251,"status":"passed","title":"should skip loop data for WAV format (unsupported)"},{"ancestorTitles":["ffmpeg argument building - Integration Tests","loop data handling"],"duration":2,"failing":false,"failureDetails":[],"failureMessages":[],"fullName":"ffmpeg argument building - Integration Tests loop data handling should skip loop data for M4A format (unsupported)","invocations":1,"location":null,"numPassingAsserts":1,"retryReasons":[],"startAt":1769945041252,"status":"passed","title":"should skip loop data for M4A format (unsupported)"},{"ancestorTitles":["ffmpeg argument building - Integration Tests","validation errors"],"duration":26,"failing":false,"failureDetails":[],"failureMessages":[],"fullName":"ffmpeg argument building - Integration Tests validation errors should reject paths with quotes","invocations":1,"location":null,"numPassingAsserts":1,"retryReasons":[],"startAt":1769945041254,"status":"passed","title":"should reject paths with quotes"},{"ancestorTitles":["ffmpeg argument building - Integration Tests","validation errors"],"duration":1,"failing":false,"failureDetails":[],"failureMessages":[],"fullName":"ffmpeg argument building - Integration Tests validation errors should reject paths with newlines","invocations":1,"location":null,"numPassingAsserts":1,"retryReasons":[],"startAt":1769945041280,"status":"passed","title":"should reject paths with newlines"},{"ancestorTitles":["ffmpeg argument building - Integration Tests","validation errors"],"duration":0,"failing":false,"failureDetails":[],"failureMessages":[],"fullName":"ffmpeg argument building - Integration Tests validation errors should reject missing input file","invocations":1,"location":null,"numPassingAsserts":1,"retryReasons":[],"startAt":1769945041281,"status":"passed","title":"should reject missing input file"},{"ancestorTitles":["ffmpeg argument building - Integration Tests","validation errors"],"duration":1,"failing":false,"failureDetails":[],"failureMessages":[],"fullName":"ffmpeg argument building - Integration Tests validation errors should reject missing output file","invocations":1,"location":null,"numPassingAsserts":1,"retryReasons":[],"startAt":1769945041281,"status":"passed","title":"should reject missing output file"},{"ancestorTitles":["ffmpeg argument building - Integration Tests","loglevel setting"],"duration":1,"failing":false,"failureDetails":[],"failureMessages":[],"fullName":"ffmpeg argument building - Integration Tests loglevel setting should always start with -loglevel error","invocations":1,"location":null,"numPassingAsserts":2,"retryReasons":[],"startAt":1769945041282,"status":"passed","title":"should always start with -loglevel error"},{"ancestorTitles":["ffmpeg argument building - Integration Tests","format inference from extension"],"duration":2,"failing":false,"failureDetails":[],"failureMessages":[],"fullName":"ffmpeg argument building - Integration Tests format inference from extension should infer mp3 format from .mp3 extension when format not provided","invocations":1,"location":null,"numPassingAsserts":1,"retryReasons":[],"startAt":1769945041283,"status":"passed","title":"should infer mp3 format from .mp3 extension when format not provided"},{"ancestorTitles":["ffmpeg argument building - Integration Tests","format inference from extension"],"duration":2,"failing":false,"failureDetails":[],"failureMessages":[],"fullName":"ffmpeg argument building - Integration Tests format inference from extension should infer ogg format from .ogg extension","invocations":1,"location":null,"numPassingAsserts":1,"retryReasons":[],"startAt":1769945041285,"status":"passed","title":"should infer ogg format from .ogg extension"},{"ancestorTitles":["codec selection validation"],"duration":1,"failing":false,"failureDetails":[],"failureMessages":[],"fullName":"codec selection validation should use vorbis codec for ogg when oggCodec=vorbis","invocations":1,"location":null,"numPassingAsserts":2,"retryReasons":[],"startAt":1769945041287,"status":"passed","title":"should use vorbis codec for ogg when oggCodec=vorbis"},{"ancestorTitles":["codec selection validation"],"duration":2,"failing":false,"failureDetails":[],"failureMessages":[],"fullName":"codec selection validation should use opus codec for ogg when oggCodec=opus","invocations":1,"location":null,"numPassingAsserts":2,"retryReasons":[],"startAt":1769945041288,"status":"passed","title":"should use opus codec for ogg when oggCodec=opus"}],"endTime":1769945041292,"message":"","name":"/mnt/c/Users/Darren/Ez-Game-Audio-Conversion/src/__tests__/ffmpegArgs.integration.test.ts","startTime":1769945040873,"status":"passed","summary":""},{"assertionResults":[{"ancestorTitles":["Path manipulation edge cases","output file path construction"],"duration":1,"failing":false,"failureDetails":[],"failureMessages":[],"fullName":"Path manipulation edge cases output file path construction should handle simple case - same level","invocations":1,"location":null,"numPassingAsserts":1,"retryReasons":[],"startAt":1769945041688,"status":"passed","title":"should handle simple case - same level"},{"ancestorTitles":["Path manipulation edge cases","output file path construction"],"duration":0,"failing":false,"failureDetails":[],"failureMessages":[],"fullName":"Path manipulation edge cases output file path construction should preserve subdirectory structure","invocations":1,"location":null,"numPassingAsserts":1,"retryReasons":[],"startAt":1769945041689,"status":"passed","title":"should preserve subdirectory structure"},{"ancestorTitles":["Path manipulation edge cases","output file path construction"],"duration":0,"failing":false,"failureDetails":[],"failureMessages":[],"fullName":"Path manipulation edge cases output file path construction should handle deeply nested paths","invocations":1,"location":null,"numPassingAsserts":1,"retryReasons":[],"startAt":1769945041690,"status":"passed","title":"should handle deeply nested paths"},{"ancestorTitles":["Path manipulation edge cases","output file path construction"],"duration":0,"failing":false,"failureDetails":[],"failureMessages":[],"fullName":"Path manipulation edge cases output file path construction should handle Windows-style paths","invocations":1,"location":null,"numPassingAsserts":2,"retryReasons":[],"startAt":1769945041690,"status":"passed","title":"should handle Windows-style paths"},{"ancestorTitles":["Path manipulation edge cases","output file path construction"],"duration":1,"failing":false,"failureDetails":[],"failureMessages":[],"fullName":"Path manipulation edge cases output file path construction should handle paths with spaces","invocations":1,"location":null,"numPassingAsserts":1,"retryReasons":[],"startAt":1769945041690,"status":"passed","title":"should handle paths with spaces"},{"ancestorTitles":["Path manipulation edge cases","output file path construction"],"duration":0,"failing":false,"failureDetails":[],"failureMessages":[],"fullName":"Path manipulation edge cases output file path construction should handle paths with special characters","invocations":1,"location":null,"numPassingAsserts":1,"retryReasons":[],"startAt":1769945041691,"status":"passed","title":"should handle paths with special characters"},{"ancestorTitles":["Path manipulation edge cases","output file path construction"],"duration":0,"failing":false,"failureDetails":[],"failureMessages":[],"fullName":"Path manipulation edge cases output file path construction should handle Unicode paths","invocations":1,"location":null,"numPassingAsserts":1,"retry
[...]
round-trip extra/unknown tags unchanged","invocations":1,"location":null,"numPassingAsserts":3,"retryReasons":[],"startAt":1769945046174,"status":"passed","title":"should round-trip extra/unknown tags unchanged"},{"ancestorTitles":["formatMetaDataArgs - Preservation scenarios"],"duration":0,"failing":false,"failureDetails":[],"failureMessages":[],"fullName":"formatMetaDataArgs - Preservation scenarios should preserve multiple artists","invocations":1,"location":null,"numPassingAsserts":1,"retryReasons":[],"startAt":1769945046175,"status":"passed","title":"should preserve multiple artists"},{"ancestorTitles":["formatMetaDataArgs - Preservation scenarios"],"duration":0,"failing":false,"failureDetails":[],"failureMessages":[],"fullName":"formatMetaDataArgs - Preservation scenarios should keep artwork-related tags","invocations":1,"location":null,"numPassingAsserts":2,"retryReasons":[],"startAt":1769945046175,"status":"passed","title":"should keep artwork-related tags"},{"ancestorTitles":["formatMetaDataArgs - Preservation scenarios"],"duration":0,"failing":false,"failureDetails":[],"failureMessages":[],"fullName":"formatMetaDataArgs - Preservation scenarios should keep date fields distinct (date, original_date, release_date)","invocations":1,"location":null,"numPassingAsserts":3,"retryReasons":[],"startAt":1769945046175,"status":"passed","title":"should keep date fields distinct (date, original_date, release_date)"},{"ancestorTitles":["convertLoopPoints - Loop preservation detail"],"duration":0,"failing":false,"failureDetails":[],"failureMessages":[],"fullName":"convertLoopPoints - Loop preservation detail should preserve loop integrity when resampling 44.1k -> 48k opus","invocations":1,"location":null,"numPassingAsserts":5,"retryReasons":[],"startAt":1769945046175,"status":"passed","title":"should preserve loop integrity when resampling 44.1k -> 48k opus"}],"endTime":1769945046178,"message":"","name":"/mnt/c/Users/Darren/Ez-Game-Audio-Conversion/src/__tests__/metadataFormatting.integration.test.ts","startTime":1769945045775,"status":"passed","summary":""},{"assertionResults":[{"ancestorTitles":["getUserInput"],"duration":3,"failing":false,"failureDetails":[],"failureMessages":[],"fullName":"getUserInput handles valid input and output paths and formats","invocations":1,"location":null,"numPassingAsserts":4,"retryReasons":[],"startAt":1769945046474,"status":"passed","title":"handles valid input and output paths and formats"}],"endTime":1769945046478,"message":"","name":"/mnt/c/Users/Darren/Ez-Game-Audio-Conversion/src/__tests__/getUserInput.test.ts","startTime":1769945046191,"status":"passed","summary":""},{"assertionResults":[{"ancestorTitles":["Real file tests"],"duration":1,"failing":false,"failureDetails":[],"failureMessages":[],"fullName":"Real file tests should find and process real audio files","invocations":1,"location":null,"numPassingAsserts":0,"retryReasons":[],"startAt":1769945046860,"status":"passed","title":"should find and process real audio files"},{"ancestorTitles":["Real file tests"],"duration":0,"failing":false,"failureDetails":[],"failureMessages":[],"fullName":"Real file tests should preserve metadata during conversion","invocations":1,"location":null,"numPassingAsserts":0,"retryReasons":[],"startAt":1769945046861,"status":"passed","title":"should preserve metadata during conversion"},{"ancestorTitles":["Real file tests"],"duration":0,"failing":false,"failureDetails":[],"failureMessages":[],"fullName":"Real file tests should correctly handle duplicate filenames with different extensions","invocations":1,"location":null,"numPassingAsserts":0,"retryReasons":[],"startAt":1769945046861,"status":"passed","title":"should correctly handle duplicate filenames with different extensions"}],"endTime":1769945046862,"message":"","name":"/mnt/c/Users/Darren/Ez-Game-Audio-Conversion/src/__tests__/real_files.test.ts","startTime":1769945046489,"status":"passed","summary":""},{"assertionResults":[{"ancestorTitles":["escapeCsvField","basic functionality"],"duration":1,"failing":false,"failureDetails":[],"failureMessages":[],"fullName":"escapeCsvField basic functionality should return simple strings unchanged","invocations":1,"location":null,"numPassingAsserts":3,"retryReasons":[],"startAt":1769945047272,"status":"passed","title":"should return simple strings unchanged"},{"ancestorTitles":["escapeCsvField","basic functionality"],"duration":1,"failing":false,"failureDetails":[],"failureMessages":[],"fullName":"escapeCsvField basic functionality should wrap strings with commas in quotes","invocations":1,"location":null,"numPassingAsserts":4,"retryReasons":[],"startAt":1769945047273,"status":"passed","title":"should wrap strings with commas in quotes"},{"ancestorTitles":["escapeCsvField","basic functionality"],"duration":0,"failing":false,"failureDetails":[],"failureMessages":[],"fullName":"escapeCsvField basic functionality should escape double quotes by doubling them","invocations":1,"location":null,"numPassingAsserts":3,"retryReasons":[],"startAt":1769945047274,"status":"passed","title":"should escape double quotes by doubling them"},{"ancestorTitles":["escapeCsvField","basic functionality"],"duration":0,"failing":false,"failureDetails":[],"failureMessages":[],"fullName":"escapeCsvField basic functionality should handle strings with both commas and quotes","invocations":1,"location":null,"numPassingAsserts":2,"retryReasons":[],"startAt":1769945047274,"status":"passed","title":"should handle strings with both commas and quotes"},{"ancestorTitles":["escapeCsvField","newline handling"],"duration":1,"failing":false,"failureDetails":[],"failureMessages":[],"fullName":"escapeCsvField newline handling should wrap strings with Unix newlines (LF) in quotes","invocations":1,"location":null,"numPassingAsserts":2,"retryReasons":[],"startAt":1769945047274,"status":"passed","title":"should wrap strings with Unix newlines (LF) in quotes"},{"ancestorTitles":["escapeCsvField","newline handling"],"duration":0,"failing":false,"failureDetails":[],"failureMessages":[],"fullName":"escapeCsvField newline handling should wrap strings with Windows newlines (CRLF) in quotes","invocations":1,"location":null,"numPassingAsserts":2,"retryReasons":[],"startAt":1769945047275,"status":"passed","title":"should wrap strings with Windows newlines (CRLF) in quotes"},{"ancestorTitles":["escapeCsvField","newline handling"],"duration":0,"failing":false,"failureDetails":[],"failureMessages":[],"fullName":"escapeCsvField newline handling should wrap strings with carriage returns (CR) in quotes","invocations":1,"location":null,"numPassingAsserts":1,"retryReasons":[],"startAt":1769945047275,"status":"passed","title":"should wrap strings with carriage returns (CR) in quotes"},{"ancestorTitles":["escapeCsvField","newline handling"],"duration":0,"failing":false,"failureDetails":[],"failureMessages":[],"fullName":"escapeCsvField newline handling should handle mixed newline styles","invocations":1,"location":null,"numPassingAsserts":1,"retryReasons":[],"startAt":1769945047275,"status":"passed","title":"should handle mixed newline styles"},{"ancestorTitles":["escapeCsvField","cross-platform file paths"],"duration":0,"failing":false,"failureDetails":[],"failureMessages":[],"fullName":"escapeCsvField cross-platform file paths should handle Windows-style paths","invocations":1,"location":null,"numPassingAsserts":2,"retryReasons":[],"startAt":1769945047275,"status":"passed","title":"should handle Windows-style paths"},{"ancestorTitles":["escapeCsvField","cross-platform file paths"],"duration":0,"failing":false,"failureDetails":[],"failureMessages":[],"fullName":"escapeCsvField cross-platform file paths should handle Windows paths with commas in folder names","invocations":1,"location":null,"numPassingAsserts":1,"retryReasons":[],"startAt":1769945047275,"status":"passed","title":"should handle Windows paths with commas in folder names"},{"ancestorTitles":["escapeCsvField","cross-platform file paths"],"duration":1,"failing":false,"failureDetails":[],"failureMessages":[],"fullName":"escapeCsvField cross-platform file paths should handle Unix-style paths","invocations":1,"location":null,"numPassingAsserts":2,"retryReasons":[],"startAt":1769945047275,"status":"passed","title":"should handle Unix-style paths"},{"ancestorTitles":["escapeCsvField","cross-platform file paths"],"duration":0,"failing":false,"failureDetails":[],"failureMessages":[],"fullName":"escapeCsvField cross-platform file paths should handle Unix paths with commas","invocations":1,"location":null,"numPassingAsserts":1,"retryReasons":[],"startAt":1769945047276,"status":"passed","title":"should handle Unix paths with commas"},{"ancestorTitles":["escapeCsvField","cross-platform file paths"],"duration":0,"failing":false,"failureDetails":[],"failureMessages":[],"fullName":"escapeCsvField cross-platform file paths should handle Mac-style paths","invocations":1,"location":null,"numPassingAsserts":1,"retryReasons":[],"startAt":1769945047276,"status":"passed","title":"should handle Mac-style paths"},{"ancestorTitles":["escapeCsvField","unicode and international characters"],"duration":0,"failing":false,"failureDetails":[],"failureMessages":[],"fullName":"escapeCsvField unicode and international characters should handle Japanese characters","invocations":1,"location":null,"numPassingAsserts":2,"retryReasons":[],"startAt":1769945047276,"status":"passed","title":"should handle Japanese characters"},{"ancestorTitles":["escapeCsvField","unicode and international characters"],"duration":0,"failing":false,"failureDetails":[],"failureMessages":[],"fullName":"escapeCsvField unicode and international characters should handle Chinese characters","invocations":1,"location":null,"numPassingAsserts":2,"retryReasons":[],"startAt":1769945047276,"status":"passed","title":"should handle Chinese characters"},{"ancestorTitles":["escapeCsvField","unicode and international characters"],"duration":0,"failing":false,"failureDetails":[],"failureMessages":[],"fullName":"escapeCsvField unicode and international characters should handle Korean characters","invocations":1,"location":null,"numPassingAsserts":2,"retryReasons":[],"startAt":1769945047276,"status":"passed","title":"should handle Korean characters"},{"ancestorTitles":["escapeCsvField","unicode and international characters"],"duration":1,"failing":false,"failureDetails":[],"failureMessages":[],"fullName":"escapeCsvField unicode and international characters should handle European characters with diacritics","invocations":1,"location":null,"numPassingAsserts":4,"retryReasons":[],"startAt":1769945047276,"status":"passed","title":"should handle European characters with diacritics"},{"ancestorTitles":["escapeCsvField","unicode and international characters"],"duration":0,"failing":false,"failureDetails":[],"failureMessages":[],"fullName":"escapeCsvField unicode and international characters should handle Cyrillic characters","invocations":1,"location":null,"numPassingAsserts":2,"retryReasons":[],"startAt":1769945047277,"status":"passed","title":"should handle Cyrillic characters"},{"ancestorTitles":["escapeCsvField","unicode and international characters"],"duration":0,"failing":false,"failureDetails":[],"failureMessages":[],"fullName":"escapeCsvField unicode and international characters should handle Arabic characters","invocations":1,"location":null,"numPassingAsserts":1,"retryReasons":[],"startAt":1769945047277,"status":"passed","title":"should handle Arabic characters"},{"ancestorTitles":["escapeCsvField","unicode and international characters"],"duration":0,"failing":false,"failureDetails":[],"failureMessages":[],"fullName":"escapeCsvField unicode and international characters should handle emoji","invocations":1,"location":null,"numPassingAsserts":2,"retryReasons":[],"startAt":1769945047277,"status":"passed","title":"should handle emoji"},{"ancestorTitles":["escapeCsvField","ffmpeg error messages"],"duration":0,"failing":false,"failureDetails":[],"failureMessages":[],"fullName":"escapeCsvField ffmpeg error messages should handle typical ffmpeg error output","invocations":1,"location":null,"numPassingAsserts":1,"retryReasons":[],"startAt":1769945047277,"status":"passed","title":"should handle typical ffmpeg error output"},{"ancestorTitles":["escapeCsvField","ffmpeg error messages"],"duration":0,"failing":false,"failureDetails":[],"failureMessages":[],"fullName":"escapeCsvField ffmpeg error messages should handle ffmpeg errors with file paths containing commas","invocations":1,"location":null,"numPassingAsserts":1,"retryReasons":[],"startAt":1769945047277,"status":"passed","title":"should handle ffmpeg errors with file paths containing commas"},{"ancestorTitles":["escapeCsvField","ffmpeg error messages"],"duration":0,"failing":false,"failureDetails":[],"failureMessages":[],"fullName":"escapeCsvField ffmpeg error messages should handle ffmpeg errors with technical details","invocations":1,"location":null,"numPassingAsserts":1,"retryReasons":[],"startAt":1769945047277,"status":"passed","title":"should handle ffmpeg errors with technical details"},{"ancestorTitles":["escapeCsvField","ffmpeg error messages"],"duration":0,"failing":false,"failureDetails":[],"failureMessages":[],"fullName":"escapeCsvField ffmpeg error messages should handle ffmpeg moov atom errors","invocations":1,"location":null,"numPassingAsserts":1,"retryReasons":[],"startAt":1769945047277,"status":"passed","title":"should handle ffmpeg moov atom errors"},{"ancestorTitles":["escapeCsvField","ffmpeg error messages"],"duration":0,"failing":false,"failureDetails":[],"failureMessages":[],"fullName":"escapeCsvField ffmpeg error messages should handle complex ffmpeg output with special chars","invocations":1,"location":null,"numPassingAsserts":1,"retryReasons":[],"startAt":1769945047277,"status":"passed","title":"should handle complex ffmpeg output with special chars"},{"ancestorTitles":["escapeCsvField","edge cases"],"duration":0,"failing":false,"failureDetails":[],"failureMessages":[],"fullName":"escapeCsvField edge cases should handle empty string","invocations":1,"location":null,"numPassingAsserts":1,"retryReasons":[],"startAt":1769945047277,"status":"passed","title":"should handle empty string"},{"ancestorTitles":["escapeCsvField","edge cases"],"duration":0,"failing":false,"failureDetails":[],"failureMessages":[],"fullName":"escapeCsvField edge cases should handle string with only spaces","invocations":1,"location":null,"numPassingAsserts":1,"retryReasons":[],"startAt":1769945047278,"status":"passed","title":"should handle string with only spaces"},{"ancestorTitles":["escapeCsvField","edge cases"],"duration":0,"failing":false,"failureDetails":[],"failureMessages":[],"fullName":"escapeCsvField edge cases should handle string with only comma","invocations":1,"location":null,"numPassingAsserts":1,"retryReasons":[],"startAt":1769945047278,"status":"passed","title":"should handle string with only comma"},{"ancestorTitles":["escapeCsvField","edge cases"],"duration":0,"failing":false,"failureDetails":[],"failureMessages":[],"fullName":"escapeCsvField edge cases should handle string with only quote","invocations":1,"location":null,"numPassingAsserts":1,"retryReasons":[],"startAt":1769945047278,"status":"passed","title":"should handle string with only quote"},{"ancestorTitles":["escapeCsvField","edge cases"],"duration":0,"failing":false,"failureDetails":[],"failureMessages":[],"fullName":"escapeCsvField edge cases should handle string with only newline","invocations":1,"location":null,"numPassingAsserts":1,"retryReasons":[],"startAt":1769945047278,"status":"passed","title":"should handle string with only newline"},{"ancestorTitles":["escapeCsvField","edge cases"],"duration":0,"failing":false,"failureDetails":[],"failureMessages":[],"fullName":"escapeCsvField edge cases should handle very long strings","invocations":1,"location":null,"numPassingAsserts":2,"retryReasons":[],"startAt":1769945047278,"status":"passed","title":"should handle very long strings"},{"ancestorTitles":["escapeCsvField","edge cases"],"duration":0,"failing":false,"failureDetails":[],"failureMessages":[],"fullName":"escapeCsvField edge cases should handle strings with null characters","invocations":1,"location":null,"numPassingAsserts":1,"retryReasons":[],"startAt":1769945047278,"status":"passed","title":"should handle strings with null characters"},{"ancestorTitles":["escapeCsvField","edge cases"],"duration":0,"failing":false,"failureDetails":[],"failureMessages":[],"fullName":"escapeCsvField edge cases should handle strings with tabs","invocations":1,"location":null,"numPassingAsserts":1,"retryReasons":[],"startAt":1769945047278,"status":"passed","title":"should handle strings with tabs"},{"ancestorTitles":["escapeCsvField","timestamp formats"],"duration":0,"failing":false,"failureDetails":[],"failureMessages":[],"fullName":"escapeCsvField timestamp formats should handle timestamp without commas","invocations":1,"location":null,"numPassingAsserts":1,"retryReasons":[],"startAt":1769945047278,"status":"passed","title":"should handle timestamp without commas"},{"ancestorTitles":["escapeCsvField","timestamp formats"],"duration":0,"failing":false,"failureDetails":[],"failureMessages":[],"fullName":"escapeCsvField timestamp formats should handle ISO timestamp","invocations":1,"location":null,"numPassingAsserts":1,"retryReasons":[],"startAt":1769945047278,"status":"passed","title":"should handle ISO timestamp"},{"ancestorTitles":["escapeCsvField","timestamp formats"],"duration":0,"failing":false,"failureDetails":[],"failureMessages":[],"fullName":"escapeCsvField timestamp formats should handle timestamp with comma (unusual format)","invocations":1,"location":null,"numPassingAsserts":1,"retryReasons":[],"startAt":1769945047278,"status":"passed","title":"should handle timestamp with comma (unusual format)"},{"ancestorTitles":["CSV row generation"],"duration":1,"failing":false,"failureDetails":[],"failureMessages":[],"fullName":"CSV row generation should create valid CSV rows with escaped fields","invocations":1,"location":null,"numPassingAsserts":1,"retryReasons":[],"startAt":1769945047278,"status":"passed","title":"should create valid CSV rows with escaped fields"},{"ancestorTitles":["CSV row generation"],"duration":0,"failing":false,"failureDetails":[],"failureMessages":[],"fullName":"CSV row generation should create valid CSV rows with complex data","invocations":1,"location":null,"numPassingAsserts":1,"retryReasons":[],"startAt":1769945047279,"status":"passed","title":"should create valid CSV rows with complex data"},{"ancestorTitles":["CSV row generation"],"duration":0,"failing":false,"failureDetails":[],"failureMessages":[],"fullName":"CSV row generation should handle all fields needing escaping","invocations":1,"location":null,"numPassingAsserts":1,"retryReasons":[],"startAt":1769945047279,"status":"passed","title":"should handle all fields needing escaping"},{"ancestorTitles":["cross-platform consistency"],"duration":0,"failing":false,"failureDetails":[],"failureMessages":[],"fullName":"cross-platform consistency should produce identical output regardless of platform line endings in source","invocations":1,"location":null,"numPassingAsserts":6,"retryReasons":[],"startAt":1769945047279,"status":"passed","title":"should produce identical output regardless of platform line endings in source"},{"ancestorTitles":["cross-platform consistency"],"duration":0,"failing":false,"failureDetails":[],"failureMessages":[],"fullName":"cross-platform consistency should handle path separators from any platform","invocations":1,"location":null,"numPassingAsserts":2,"retryReasons":[],"startAt":1769945047279,"status":"passed","title":"should handle path separators from any platform"}],"endTime":1769945047280,"message":"","name":"/mnt/c/Users/Darren/Ez-Game-Audio-Conversion/src/__tests__/csvEscaping.test.ts","startTime":1769945046872,"status":"passed","summary":""}],"wasInterrupted":false}
